--- Starting Blueprint: PyTorch Builder ---
This script will attempt to build PyTorch v2.9.0 for CUDA architectures: 8.9
This is a very long process and can take over an hour.
--- Preparing build environment ---
Build will occur in temporary directory: /config/tmp/tmp.RGAnJVxip7
--- Cloning PyTorch repository (version v2.9.0) ---
Cloning into '/config/tmp/tmp.RGAnJVxip7/pytorch'...
Note: switching to '0fabc3ba44823f257e70ce397d989c8de5e362c1'.

You are in 'detached HEAD' state. You can look around, make experimental
changes and commit them, and you can discard any commits you make in this
state without impacting any branches by switching back to a branch.

If you want to create a new branch to retain commits you create, you may
do so (now or later) by using -c with the switch command. Example:

  git switch -c <new-branch-name>

Or undo this operation with:

  git switch -

Turn off this advice by setting config variable advice.detachedHead to false

Updating files:  88% (17174/19417)
Updating files:  89% (17282/19417)
Updating files:  90% (17476/19417)
Updating files:  91% (17670/19417)
Updating files:  92% (17864/19417)
Updating files:  93% (18058/19417)
Updating files:  94% (18252/19417)
Updating files:  95% (18447/19417)
Updating files:  96% (18641/19417)
Updating files:  97% (18835/19417)
Updating files:  98% (19029/19417)
Updating files:  99% (19223/19417)
Updating files: 100% (19417/19417)
Updating files: 100% (19417/19417), done.
--- Initializing submodules ---
Submodule 'android/libs/fbjni' (https://github.com/facebookincubator/fbjni.git) registered for path 'android/libs/fbjni'
Submodule 'third_party/NNPACK_deps/FP16' (https://github.com/Maratyszcza/FP16.git) registered for path 'third_party/FP16'
Submodule 'third_party/NNPACK_deps/FXdiv' (https://github.com/Maratyszcza/FXdiv.git) registered for path 'third_party/FXdiv'
Submodule 'third_party/NNPACK' (https://github.com/Maratyszcza/NNPACK.git) registered for path 'third_party/NNPACK'
Submodule 'third_party/NVTX' (https://github.com/NVIDIA/NVTX.git) registered for path 'third_party/NVTX'
Submodule 'third_party/VulkanMemoryAllocator' (https://github.com/GPUOpen-LibrariesAndSDKs/VulkanMemoryAllocator.git) registered for path 'third_party/VulkanMemoryAllocator'
Submodule 'third_party/XNNPACK' (https://github.com/google/XNNPACK.git) registered for path 'third_party/XNNPACK'
Submodule 'third_party/aiter' (https://github.com/ROCm/aiter.git) registered for path 'third_party/aiter'
Submodule 'third_party/benchmark' (https://github.com/google/benchmark.git) registered for path 'third_party/benchmark'
Submodule 'third_party/composable_kernel' (https://github.com/ROCm/composable_kernel.git) registered for path 'third_party/composable_kernel'
Submodule 'third_party/cpp-httplib' (https://github.com/yhirose/cpp-httplib.git) registered for path 'third_party/cpp-httplib'
Submodule 'third_party/cpuinfo' (https://github.com/pytorch/cpuinfo.git) registered for path 'third_party/cpuinfo'
Submodule 'third_party/cudnn_frontend' (https://github.com/NVIDIA/cudnn-frontend.git) registered for path 'third_party/cudnn_frontend'
Submodule 'third_party/cutlass' (https://github.com/NVIDIA/cutlass.git) registered for path 'third_party/cutlass'
Submodule 'third_party/fbgemm' (https://github.com/pytorch/fbgemm) registered for path 'third_party/fbgemm'
Submodule 'third_party/flash-attention' (https://github.com/Dao-AILab/flash-attention.git) registered for path 'third_party/flash-attention'
Submodule 'third_party/flatbuffers' (https://github.com/google/flatbuffers.git) registered for path 'third_party/flatbuffers'
Submodule 'third_party/fmt' (https://github.com/fmtlib/fmt.git) registered for path 'third_party/fmt'
Submodule 'third_party/gemmlowp/gemmlowp' (https://github.com/google/gemmlowp.git) registered for path 'third_party/gemmlowp/gemmlowp'
Submodule 'third_party/gloo' (https://github.com/pytorch/gloo) registered for path 'third_party/gloo'
Submodule 'third_party/googletest' (https://github.com/google/googletest.git) registered for path 'third_party/googletest'
Submodule 'third_party/ideep' (https://github.com/intel/ideep) registered for path 'third_party/ideep'
Submodule 'third_party/ittapi' (https://github.com/intel/ittapi.git) registered for path 'third_party/ittapi'
Submodule 'third_party/kineto' (https://github.com/pytorch/kineto) registered for path 'third_party/kineto'
Submodule 'third_party/kleidiai' (https://github.com/ARM-software/kleidiai.git) registered for path 'third_party/kleidiai'
Submodule 'third_party/mimalloc' (https://github.com/microsoft/mimalloc.git) registered for path 'third_party/mimalloc'
Submodule 'third_party/nlohmann' (https://github.com/nlohmann/json.git) registered for path 'third_party/nlohmann'
Submodule 'third_party/onnx' (https://github.com/onnx/onnx.git) registered for path 'third_party/onnx'
Submodule 'third_party/opentelemetry-cpp' (https://github.com/open-telemetry/opentelemetry-cpp.git) registered for path 'third_party/opentelemetry-cpp'
Submodule 'third_party/pocketfft' (https://github.com/mreineck/pocketfft) registered for path 'third_party/pocketfft'
Submodule 'third_party/protobuf' (https://github.com/protocolbuffers/protobuf.git) registered for path 'third_party/protobuf'
Submodule 'third_party/NNPACK_deps/psimd' (https://github.com/Maratyszcza/psimd.git) registered for path 'third_party/psimd'
Submodule 'third_party/NNPACK_deps/pthreadpool' (https://github.com/Maratyszcza/pthreadpool.git) registered for path 'third_party/pthreadpool'
Submodule 'third_party/pybind11' (https://github.com/pybind/pybind11.git) registered for path 'third_party/pybind11'
Submodule 'third_party/python-peachpy' (https://github.com/malfet/PeachPy.git) registered for path 'third_party/python-peachpy'
Submodule 'third_party/sleef' (https://github.com/shibatch/sleef) registered for path 'third_party/sleef'
Submodule 'third_party/tensorpipe' (https://github.com/pytorch/tensorpipe.git) registered for path 'third_party/tensorpipe'
Cloning into '/config/tmp/tmp.RGAnJVxip7/pytorch/android/libs/fbjni'...
Cloning into '/config/tmp/tmp.RGAnJVxip7/pytorch/third_party/FP16'...
Cloning into '/config/tmp/tmp.RGAnJVxip7/pytorch/third_party/FXdiv'...
Cloning into '/config/tmp/tmp.RGAnJVxip7/pytorch/third_party/NNPACK'...
Cloning into '/config/tmp/tmp.RGAnJVxip7/pytorch/third_party/NVTX'...
Cloning into '/config/tmp/tmp.RGAnJVxip7/pytorch/third_party/VulkanMemoryAllocator'...
Cloning into '/config/tmp/tmp.RGAnJVxip7/pytorch/third_party/XNNPACK'...
Cloning into '/config/tmp/tmp.RGAnJVxip7/pytorch/third_party/aiter'...
Cloning into '/config/tmp/tmp.RGAnJVxip7/pytorch/third_party/benchmark'...
Cloning into '/config/tmp/tmp.RGAnJVxip7/pytorch/third_party/composable_kernel'...
Cloning into '/config/tmp/tmp.RGAnJVxip7/pytorch/third_party/cpp-httplib'...
Cloning into '/config/tmp/tmp.RGAnJVxip7/pytorch/third_party/cpuinfo'...
Cloning into '/config/tmp/tmp.RGAnJVxip7/pytorch/third_party/cudnn_frontend'...
Cloning into '/config/tmp/tmp.RGAnJVxip7/pytorch/third_party/cutlass'...
Cloning into '/config/tmp/tmp.RGAnJVxip7/pytorch/third_party/fbgemm'...
Cloning into '/config/tmp/tmp.RGAnJVxip7/pytorch/third_party/flash-attention'...
Cloning into '/config/tmp/tmp.RGAnJVxip7/pytorch/third_party/flatbuffers'...
Cloning into '/config/tmp/tmp.RGAnJVxip7/pytorch/third_party/fmt'...
Cloning into '/config/tmp/tmp.RGAnJVxip7/pytorch/third_party/gemmlowp/gemmlowp'...
Cloning into '/config/tmp/tmp.RGAnJVxip7/pytorch/third_party/gloo'...
Cloning into '/config/tmp/tmp.RGAnJVxip7/pytorch/third_party/googletest'...
Cloning into '/config/tmp/tmp.RGAnJVxip7/pytorch/third_party/ideep'...
Cloning into '/config/tmp/tmp.RGAnJVxip7/pytorch/third_party/ittapi'...
Cloning into '/config/tmp/tmp.RGAnJVxip7/pytorch/third_party/kineto'...
Cloning into '/config/tmp/tmp.RGAnJVxip7/pytorch/third_party/kleidiai'...
Cloning into '/config/tmp/tmp.RGAnJVxip7/pytorch/third_party/mimalloc'...
Cloning into '/config/tmp/tmp.RGAnJVxip7/pytorch/third_party/nlohmann'...
Cloning into '/config/tmp/tmp.RGAnJVxip7/pytorch/third_party/onnx'...
Cloning into '/config/tmp/tmp.RGAnJVxip7/pytorch/third_party/opentelemetry-cpp'...
Cloning into '/config/tmp/tmp.RGAnJVxip7/pytorch/third_party/pocketfft'...
Cloning into '/config/tmp/tmp.RGAnJVxip7/pytorch/third_party/protobuf'...
Cloning into '/config/tmp/tmp.RGAnJVxip7/pytorch/third_party/psimd'...
Cloning into '/config/tmp/tmp.RGAnJVxip7/pytorch/third_party/pthreadpool'...
Cloning into '/config/tmp/tmp.RGAnJVxip7/pytorch/third_party/pybind11'...
Cloning into '/config/tmp/tmp.RGAnJVxip7/pytorch/third_party/python-peachpy'...
Cloning into '/config/tmp/tmp.RGAnJVxip7/pytorch/third_party/sleef'...
Cloning into '/config/tmp/tmp.RGAnJVxip7/pytorch/third_party/tensorpipe'...
Submodule path 'android/libs/fbjni': checked out '7e1e1fe3858c63c251c637ae41a20de425dde96f'
Submodule path 'third_party/FP16': checked out '4dfe081cf6bcd15db339cf2680b9281b8451eeb3'
Submodule path 'third_party/FXdiv': checked out 'b408327ac2a15ec3e43352421954f5b1967701d1'
Submodule path 'third_party/NNPACK': checked out 'c07e3a0400713d546e0dea2d5466dd22ea389c73'
Submodule path 'third_party/NVTX': checked out '2942f167cc30c5e3a44a2aecd5b0d9c07ff61a07'
Submodule path 'third_party/VulkanMemoryAllocator': checked out '1d8f600fd424278486eade7ed3e877c99f0846b1'
Submodule path 'third_party/XNNPACK': checked out '51a0103656eff6fc9bfd39a4597923c4b542c883'
Submodule path 'third_party/aiter': checked out '01aae101b9e5e94d6c16a9514c9fb8df99c93150'
Submodule '3rdparty/composable_kernel' (https://github.com/ROCm/composable_kernel.git) registered for path 'third_party/aiter/3rdparty/composable_kernel'
Cloning into '/config/tmp/tmp.RGAnJVxip7/pytorch/third_party/aiter/3rdparty/composable_kernel'...
Submodule path 'third_party/aiter/3rdparty/composable_kernel': checked out 'cffe8fa2a442ac8e80dd236a1a5d24fe3d7e0cbf'
Submodule path 'third_party/benchmark': checked out '299e5928955cc62af9968370293b916f5130916f'
Submodule path 'third_party/composable_kernel': checked out '7fe50dc3da2069d6645d9deb8c017a876472a977'
Submodule path 'third_party/cpp-httplib': checked out '89c932f313c6437c38f2982869beacc89c2f2246'
Submodule path 'third_party/cpuinfo': checked out '5e3d2445e6a84d9599bee2bf78edbb4d80865e1d'
Submodule path 'third_party/cudnn_frontend': checked out 'f937055efc6d414d11f4c6577e3977fe74f35fb6'
Submodule path 'third_party/cutlass': checked out 'e51efbfe18fe4f4cbb66ab814c55bf4aa0185491'
Submodule path 'third_party/fbgemm': checked out '4b39c551efe15e6bbade20565b0ceb2d8ce3352d'
Submodule 'external/asmjit' (https://github.com/asmjit/asmjit.git) registered for path 'third_party/fbgemm/external/asmjit'
Submodule 'external/composable_kernel' (https://github.com/jwfromm/composable_kernel.git) registered for path 'third_party/fbgemm/external/composable_kernel'
Submodule 'external/cpuinfo' (https://github.com/pytorch/cpuinfo) registered for path 'third_party/fbgemm/external/cpuinfo'
Submodule 'external/cutlass' (https://github.com/jwfromm/cutlass) registered for path 'third_party/fbgemm/external/cutlass'
Submodule 'external/googletest' (https://github.com/google/googletest) registered for path 'third_party/fbgemm/external/googletest'
Submodule 'external/hipify_torch' (https://github.com/ROCmSoftwarePlatform/hipify_torch.git) registered for path 'third_party/fbgemm/external/hipify_torch'
Submodule 'external/json' (https://github.com/nlohmann/json.git) registered for path 'third_party/fbgemm/external/json'
Cloning into '/config/tmp/tmp.RGAnJVxip7/pytorch/third_party/fbgemm/external/asmjit'...
Cloning into '/config/tmp/tmp.RGAnJVxip7/pytorch/third_party/fbgemm/external/composable_kernel'...
Cloning into '/config/tmp/tmp.RGAnJVxip7/pytorch/third_party/fbgemm/external/cpuinfo'...
Cloning into '/config/tmp/tmp.RGAnJVxip7/pytorch/third_party/fbgemm/external/cutlass'...
Cloning into '/config/tmp/tmp.RGAnJVxip7/pytorch/third_party/fbgemm/external/googletest'...
Cloning into '/config/tmp/tmp.RGAnJVxip7/pytorch/third_party/fbgemm/external/hipify_torch'...
Cloning into '/config/tmp/tmp.RGAnJVxip7/pytorch/third_party/fbgemm/external/json'...
Submodule path 'third_party/fbgemm/external/asmjit': checked out 'a3199e8857792cd10b7589ff5d58343d2c9008ea'
Submodule path 'third_party/fbgemm/external/composable_kernel': checked out 'b1281b8b08d973a7064f864f47eeb30f3e2596e9'
Submodule path 'third_party/fbgemm/external/cpuinfo': checked out '6543fec09b2f04ac4a666882998b534afc9c1349'
Submodule path 'third_party/fbgemm/external/cutlass': checked out '311f3c8e51dc0eb56310cfc6980bf63d0fbd7917'
Submodule path 'third_party/fbgemm/external/googletest': checked out '52eb8108c5bdec04579160ae17225d66034bd723'
Submodule path 'third_party/fbgemm/external/hipify_torch': checked out '63b6a7b541fa7f08f8475ca7d74054db36ff2691'
Submodule path 'third_party/fbgemm/external/json': checked out '9cca280a4d0ccf0c08f47a99aa71d1b0e52f8d03'
Submodule path 'third_party/flash-attention': checked out '979702c87a8713a8e0a5e9fee122b90d2ef13be5'
Submodule 'csrc/composable_kernel' (https://github.com/ROCm/composable_kernel.git) registered for path 'third_party/flash-attention/csrc/composable_kernel'
Submodule 'csrc/cutlass' (https://github.com/NVIDIA/cutlass.git) registered for path 'third_party/flash-attention/csrc/cutlass'
Cloning into '/config/tmp/tmp.RGAnJVxip7/pytorch/third_party/flash-attention/csrc/composable_kernel'...
Cloning into '/config/tmp/tmp.RGAnJVxip7/pytorch/third_party/flash-attention/csrc/cutlass'...
Submodule path 'third_party/flash-attention/csrc/composable_kernel': checked out '888317e698e9803c62bd38568abc9e05d7709f33'
Submodule path 'third_party/flash-attention/csrc/cutlass': checked out 'c506e16788cb08416a4a57e11a9067beeee29420'
Submodule path 'third_party/flatbuffers': checked out 'a2cd1ea3b6d3fee220106b5fed3f7ce8da9eb757'
Submodule path 'third_party/fmt': checked out '40626af88bd7df9a5fb80be7b25ac85b122d6c21'
Submodule path 'third_party/gemmlowp/gemmlowp': checked out '3fb5c176c17c765a3492cd2f0321b0dab712f350'
Submodule path 'third_party/gloo': checked out '54cbae0d3a67fa890b4c3d9ee162b7860315e341'
Submodule path 'third_party/googletest': checked out '52eb8108c5bdec04579160ae17225d66034bd723'
Submodule path 'third_party/ideep': checked out '719d8e6cd7f7a0e01b155657526d693acf97c2b3'
Submodule 'mkl-dnn' (https://github.com/intel/mkl-dnn.git) registered for path 'third_party/ideep/mkl-dnn'
Cloning into '/config/tmp/tmp.RGAnJVxip7/pytorch/third_party/ideep/mkl-dnn'...
Submodule path 'third_party/ideep/mkl-dnn': checked out '8d263e693366ef8db40acc569cc7d8edf644556d'
Submodule path 'third_party/ittapi': checked out 'dec1d23ca65ab069d225dfe40dea14f455170959'
Submodule path 'third_party/kineto': checked out '5e7501833f1021ce6f618572d3baf657b6319658'
Submodule 'libkineto/third_party/dynolog' (https://github.com/facebookincubator/dynolog.git) registered for path 'third_party/kineto/libkineto/third_party/dynolog'
Submodule 'libkineto/third_party/fmt' (https://github.com/fmtlib/fmt.git) registered for path 'third_party/kineto/libkineto/third_party/fmt'
Submodule 'libkineto/third_party/googletest' (https://github.com/google/googletest.git) registered for path 'third_party/kineto/libkineto/third_party/googletest'
Cloning into '/config/tmp/tmp.RGAnJVxip7/pytorch/third_party/kineto/libkineto/third_party/dynolog'...
Cloning into '/config/tmp/tmp.RGAnJVxip7/pytorch/third_party/kineto/libkineto/third_party/fmt'...
Cloning into '/config/tmp/tmp.RGAnJVxip7/pytorch/third_party/kineto/libkineto/third_party/googletest'...
Submodule path 'third_party/kineto/libkineto/third_party/dynolog': checked out '7d04a0053a845370ae06ce317a22a48e9edcc74e'
Submodule 'third_party/DCGM' (https://github.com/NVIDIA/DCGM.git) registered for path 'third_party/kineto/libkineto/third_party/dynolog/third_party/DCGM'
Submodule 'third_party/cpr' (https://github.com/libcpr/cpr.git) registered for path 'third_party/kineto/libkineto/third_party/dynolog/third_party/cpr'
Submodule 'third_party/fmt' (https://github.com/fmtlib/fmt.git) registered for path 'third_party/kineto/libkineto/third_party/dynolog/third_party/fmt'
Submodule 'third_party/gflags' (https://github.com/gflags/gflags.git) registered for path 'third_party/kineto/libkineto/third_party/dynolog/third_party/gflags'
Submodule 'third_party/glog' (https://github.com/google/glog.git) registered for path 'third_party/kineto/libkineto/third_party/dynolog/third_party/glog'
Submodule 'third_party/googletest' (https://github.com/google/googletest.git) registered for path 'third_party/kineto/libkineto/third_party/dynolog/third_party/googletest'
Submodule 'third_party/json' (https://github.com/nlohmann/json.git) registered for path 'third_party/kineto/libkineto/third_party/dynolog/third_party/json'
Submodule 'third_party/pfs' (https://github.com/dtrugman/pfs.git) registered for path 'third_party/kineto/libkineto/third_party/dynolog/third_party/pfs'
Cloning into '/config/tmp/tmp.RGAnJVxip7/pytorch/third_party/kineto/libkineto/third_party/dynolog/third_party/DCGM'...
Cloning into '/config/tmp/tmp.RGAnJVxip7/pytorch/third_party/kineto/libkineto/third_party/dynolog/third_party/cpr'...
Cloning into '/config/tmp/tmp.RGAnJVxip7/pytorch/third_party/kineto/libkineto/third_party/dynolog/third_party/fmt'...
Cloning into '/config/tmp/tmp.RGAnJVxip7/pytorch/third_party/kineto/libkineto/third_party/dynolog/third_party/gflags'...
Cloning into '/config/tmp/tmp.RGAnJVxip7/pytorch/third_party/kineto/libkineto/third_party/dynolog/third_party/glog'...
Cloning into '/config/tmp/tmp.RGAnJVxip7/pytorch/third_party/kineto/libkineto/third_party/dynolog/third_party/googletest'...
Cloning into '/config/tmp/tmp.RGAnJVxip7/pytorch/third_party/kineto/libkineto/third_party/dynolog/third_party/json'...
Cloning into '/config/tmp/tmp.RGAnJVxip7/pytorch/third_party/kineto/libkineto/third_party/dynolog/third_party/pfs'...
Submodule path 'third_party/kineto/libkineto/third_party/dynolog/third_party/DCGM': checked out 'ffde4e54bc7249a6039a5e6b45b395141e1217f9'
Submodule path 'third_party/kineto/libkineto/third_party/dynolog/third_party/cpr': checked out '871ed52d350214a034f6ef8a3b8f51c5ce1bd400'
Submodule path 'third_party/kineto/libkineto/third_party/dynolog/third_party/fmt': checked out 'cd4af11efc9c622896a3e4cb599fa28668ca3d05'
Submodule path 'third_party/kineto/libkineto/third_party/dynolog/third_party/gflags': checked out 'e171aa2d15ed9eb17054558e0b3a6a413bb01067'
Submodule 'doc' (https://github.com/gflags/gflags.git) registered for path 'third_party/kineto/libkineto/third_party/dynolog/third_party/gflags/doc'
Cloning into '/config/tmp/tmp.RGAnJVxip7/pytorch/third_party/kineto/libkineto/third_party/dynolog/third_party/gflags/doc'...
Submodule path 'third_party/kineto/libkineto/third_party/dynolog/third_party/gflags/doc': checked out '8411df715cf522606e3b1aca386ddfc0b63d34b4'
Submodule path 'third_party/kineto/libkineto/third_party/dynolog/third_party/glog': checked out 'b33e3bad4c46c8a6345525fd822af355e5ef9446'
Submodule path 'third_party/kineto/libkineto/third_party/dynolog/third_party/googletest': checked out '58d77fa8070e8cec2dc1ed015d66b454c8d78850'
Submodule path 'third_party/kineto/libkineto/third_party/dynolog/third_party/json': checked out '4f8fba14066156b73f1189a2b8bd568bde5284c5'
Submodule path 'third_party/kineto/libkineto/third_party/dynolog/third_party/pfs': checked out 'f68a2fa8ea36c783bdd760371411fcb495aa3150'
Submodule path 'third_party/kineto/libkineto/third_party/fmt': checked out '0041a40c1350ba702d475b9c4ad62da77caea164'
Submodule path 'third_party/kineto/libkineto/third_party/googletest': checked out '7aca84427f224eeed3144123d5230d5871e93347'
Submodule path 'third_party/kleidiai': checked out 'cca02c2f69dd18e1f12647c1c0bdc8cf90e680c7'
Submodule path 'third_party/mimalloc': checked out 'fbd8b99c2b828428947d70fdc046bb55609be93e'
Submodule path 'third_party/nlohmann': checked out '55f93686c01528224f448c19128836e7df245f72'
Submodule path 'third_party/onnx': checked out 'e709452ef2bbc1d113faf678c24e6d3467696e83'
Submodule 'third_party/pybind11' (https://github.com/pybind/pybind11.git) registered for path 'third_party/onnx/third_party/pybind11'
Cloning into '/config/tmp/tmp.RGAnJVxip7/pytorch/third_party/onnx/third_party/pybind11'...
Submodule path 'third_party/onnx/third_party/pybind11': checked out 'a2e59f0e7065404b44dfe92a28aca47ba1378dc4'
Submodule path 'third_party/opentelemetry-cpp': checked out 'a799f4aed9c94b765dcdaabaeab7d5e7e2310878'
Submodule 'third_party/benchmark' (https://github.com/google/benchmark) registered for path 'third_party/opentelemetry-cpp/third_party/benchmark'
Submodule 'third_party/googletest' (https://github.com/google/googletest) registered for path 'third_party/opentelemetry-cpp/third_party/googletest'
Submodule 'third_party/ms-gsl' (https://github.com/microsoft/GSL) registered for path 'third_party/opentelemetry-cpp/third_party/ms-gsl'
Submodule 'third_party/nlohmann-json' (https://github.com/nlohmann/json) registered for path 'third_party/opentelemetry-cpp/third_party/nlohmann-json'
Submodule 'third_party/opentelemetry-proto' (https://github.com/open-telemetry/opentelemetry-proto) registered for path 'third_party/opentelemetry-cpp/third_party/opentelemetry-proto'
Submodule 'third_party/opentracing-cpp' (https://github.com/opentracing/opentracing-cpp.git) registered for path 'third_party/opentelemetry-cpp/third_party/opentracing-cpp'
Submodule 'third_party/prometheus-cpp' (https://github.com/jupp0r/prometheus-cpp) registered for path 'third_party/opentelemetry-cpp/third_party/prometheus-cpp'
Submodule 'tools/vcpkg' (https://github.com/Microsoft/vcpkg) registered for path 'third_party/opentelemetry-cpp/tools/vcpkg'
Cloning into '/config/tmp/tmp.RGAnJVxip7/pytorch/third_party/opentelemetry-cpp/third_party/benchmark'...
Cloning into '/config/tmp/tmp.RGAnJVxip7/pytorch/third_party/opentelemetry-cpp/third_party/googletest'...
Cloning into '/config/tmp/tmp.RGAnJVxip7/pytorch/third_party/opentelemetry-cpp/third_party/ms-gsl'...
Cloning into '/config/tmp/tmp.RGAnJVxip7/pytorch/third_party/opentelemetry-cpp/third_party/nlohmann-json'...
Cloning into '/config/tmp/tmp.RGAnJVxip7/pytorch/third_party/opentelemetry-cpp/third_party/opentelemetry-proto'...
Cloning into '/config/tmp/tmp.RGAnJVxip7/pytorch/third_party/opentelemetry-cpp/third_party/opentracing-cpp'...
Cloning into '/config/tmp/tmp.RGAnJVxip7/pytorch/third_party/opentelemetry-cpp/third_party/prometheus-cpp'...
Cloning into '/config/tmp/tmp.RGAnJVxip7/pytorch/third_party/opentelemetry-cpp/tools/vcpkg'...
Submodule path 'third_party/opentelemetry-cpp/third_party/benchmark': checked out 'd572f4777349d43653b21d6c2fc63020ab326db2'
Submodule path 'third_party/opentelemetry-cpp/third_party/googletest': checked out 'b796f7d44681514f58a683a3a71ff17c94edb0c1'
Submodule path 'third_party/opentelemetry-cpp/third_party/ms-gsl': checked out '6f4529395c5b7c2d661812257cd6780c67e54afa'
Submodule path 'third_party/opentelemetry-cpp/third_party/nlohmann-json': checked out 'bc889afb4c5bf1c0d8ee29ef35eaaf4c8bef8a5d'
Submodule path 'third_party/opentelemetry-cpp/third_party/opentelemetry-proto': checked out '4ca4f0335c63cda7ab31ea7ed70d6553aee14dce'
Submodule path 'third_party/opentelemetry-cpp/third_party/opentracing-cpp': checked out '06b57f48ded1fa3bdd3d4346f6ef29e40e08eaf5'
Submodule path 'third_party/opentelemetry-cpp/third_party/prometheus-cpp': checked out 'c9ffcdda9086ffd9e1283ea7a0276d831f3c8a8d'
Submodule 'civetweb' (https://github.com/civetweb/civetweb.git) registered for path 'third_party/opentelemetry-cpp/third_party/prometheus-cpp/3rdparty/civetweb'
Submodule 'googletest' (https://github.com/google/googletest.git) registered for path 'third_party/opentelemetry-cpp/third_party/prometheus-cpp/3rdparty/googletest'
Cloning into '/config/tmp/tmp.RGAnJVxip7/pytorch/third_party/opentelemetry-cpp/third_party/prometheus-cpp/3rdparty/civetweb'...
Cloning into '/config/tmp/tmp.RGAnJVxip7/pytorch/third_party/opentelemetry-cpp/third_party/prometheus-cpp/3rdparty/googletest'...
Submodule path 'third_party/opentelemetry-cpp/third_party/prometheus-cpp/3rdparty/civetweb': checked out 'eefb26f82b233268fc98577d265352720d477ba4'
Submodule path 'third_party/opentelemetry-cpp/third_party/prometheus-cpp/3rdparty/googletest': checked out 'e2239ee6043f73722e7aa812a459f54a28552929'
Submodule path 'third_party/opentelemetry-cpp/tools/vcpkg': checked out '8eb57355a4ffb410a2e94c07b4dca2dffbee8e50'
Submodule path 'third_party/pocketfft': checked out '0fa0ef591e38c2758e3184c6c23e497b9f732ffa'
Submodule path 'third_party/protobuf': checked out 'd1eca4e4b421cd2997495c4b4e65cea6be4e9b8a'
Submodule 'third_party/benchmark' (https://github.com/google/benchmark.git) registered for path 'third_party/protobuf/third_party/benchmark'
Submodule 'third_party/googletest' (https://github.com/google/googletest.git) registered for path 'third_party/protobuf/third_party/googletest'
Cloning into '/config/tmp/tmp.RGAnJVxip7/pytorch/third_party/protobuf/third_party/benchmark'...
Cloning into '/config/tmp/tmp.RGAnJVxip7/pytorch/third_party/protobuf/third_party/googletest'...
Submodule path 'third_party/protobuf/third_party/benchmark': checked out '5b7683f49e1e9223cf9927b24f6fd3d6bd82e3f8'
Submodule path 'third_party/protobuf/third_party/googletest': checked out '5ec7f0c4a113e2f18ac2c6cc7df51ad6afc24081'
Submodule path 'third_party/psimd': checked out '072586a71b55b7f8c584153d223e95687148a900'
Submodule path 'third_party/pthreadpool': checked out '4fe0e1e183925bf8cfa6aae24237e724a96479b8'
Submodule path 'third_party/pybind11': checked out 'f5fbe867d2d26e4a0a9177a51f6e568868ad3dc8'
Submodule path 'third_party/python-peachpy': checked out 'f45429b087dd7d5bc78bb40dc7cf06425c252d67'
Submodule path 'third_party/sleef': checked out '5a1d179df9cf652951b59010a2d2075372d67f68'
Submodule path 'third_party/tensorpipe': checked out 'af0118d13e52f5a08841464a768e01a0bf3e3075'
Submodule 'third_party/googletest' (https://github.com/google/googletest.git) registered for path 'third_party/tensorpipe/third_party/googletest'
Submodule 'third_party/libnop' (https://github.com/google/libnop.git) registered for path 'third_party/tensorpipe/third_party/libnop'
Submodule 'third_party/libuv' (https://github.com/libuv/libuv.git) registered for path 'third_party/tensorpipe/third_party/libuv'
Submodule 'third_party/pybind11' (https://github.com/pybind/pybind11.git) registered for path 'third_party/tensorpipe/third_party/pybind11'
Cloning into '/config/tmp/tmp.RGAnJVxip7/pytorch/third_party/tensorpipe/third_party/googletest'...
Cloning into '/config/tmp/tmp.RGAnJVxip7/pytorch/third_party/tensorpipe/third_party/libnop'...
Cloning into '/config/tmp/tmp.RGAnJVxip7/pytorch/third_party/tensorpipe/third_party/libuv'...
Cloning into '/config/tmp/tmp.RGAnJVxip7/pytorch/third_party/tensorpipe/third_party/pybind11'...
Submodule path 'third_party/tensorpipe/third_party/googletest': checked out 'aee0f9d9b5b87796ee8a0ab26b7587ec30e8858e'
Submodule path 'third_party/tensorpipe/third_party/libnop': checked out '910b55815be16109f04f4180e9adee14fb4ce281'
Submodule path 'third_party/tensorpipe/third_party/libuv': checked out '5152db2cbfeb5582e9c27c5ea1dba2cd9e10759b'
Submodule path 'third_party/tensorpipe/third_party/pybind11': checked out 'a23996fce38ff6ccfbcdc09f1e63f2c4be5ea2ef'
Submodule 'tools/clang' (https://github.com/wjakob/clang-cindex-python3) registered for path 'third_party/tensorpipe/third_party/pybind11/tools/clang'
Cloning into '/config/tmp/tmp.RGAnJVxip7/pytorch/third_party/tensorpipe/third_party/pybind11/tools/clang'...
Submodule path 'third_party/tensorpipe/third_party/pybind11/tools/clang': checked out '6a00cbc4a9b8e68b71caf7f774b3f9c753ae84d5'
============================================================================
Starting PyTorch Compilation...
This is the long part. Please be patient.
============================================================================
Processing /config/tmp/tmp.RGAnJVxip7/pytorch
  Installing build dependencies: started
  Installing build dependencies: finished with status 'done'
  Getting requirements to build wheel: started
  Getting requirements to build wheel: finished with status 'done'
  Preparing metadata (pyproject.toml): started
  Preparing metadata (pyproject.toml): finished with status 'done'
Collecting filelock (from torch==2.9.0a0+git0fabc3b)
  Using cached filelock-3.20.0-py3-none-any.whl.metadata (2.1 kB)
Collecting typing-extensions>=4.10.0 (from torch==2.9.0a0+git0fabc3b)
  Using cached typing_extensions-4.15.0-py3-none-any.whl.metadata (3.3 kB)
Collecting setuptools (from torch==2.9.0a0+git0fabc3b)
  Using cached setuptools-80.9.0-py3-none-any.whl.metadata (6.6 kB)
Collecting sympy>=1.13.3 (from torch==2.9.0a0+git0fabc3b)
  Using cached sympy-1.14.0-py3-none-any.whl.metadata (12 kB)
Collecting networkx>=2.5.1 (from torch==2.9.0a0+git0fabc3b)
  Using cached networkx-3.5-py3-none-any.whl.metadata (6.3 kB)
Collecting jinja2 (from torch==2.9.0a0+git0fabc3b)
  Using cached jinja2-3.1.6-py3-none-any.whl.metadata (2.9 kB)
Collecting fsspec>=0.8.5 (from torch==2.9.0a0+git0fabc3b)
  Using cached fsspec-2025.10.0-py3-none-any.whl.metadata (10 kB)
Collecting mpmath<1.4,>=1.1.0 (from sympy>=1.13.3->torch==2.9.0a0+git0fabc3b)
  Using cached mpmath-1.3.0-py3-none-any.whl.metadata (8.6 kB)
Collecting MarkupSafe>=2.0 (from jinja2->torch==2.9.0a0+git0fabc3b)
  Using cached markupsafe-3.0.3-cp312-cp312-manylinux2014_x86_64.manylinux_2_17_x86_64.manylinux_2_28_x86_64.whl.metadata (2.7 kB)
Using cached fsspec-2025.10.0-py3-none-any.whl (200 kB)
Using cached networkx-3.5-py3-none-any.whl (2.0 MB)
Using cached sympy-1.14.0-py3-none-any.whl (6.3 MB)
Using cached mpmath-1.3.0-py3-none-any.whl (536 kB)
Using cached typing_extensions-4.15.0-py3-none-any.whl (44 kB)
Using cached filelock-3.20.0-py3-none-any.whl (16 kB)
Using cached jinja2-3.1.6-py3-none-any.whl (134 kB)
Using cached markupsafe-3.0.3-cp312-cp312-manylinux2014_x86_64.manylinux_2_17_x86_64.manylinux_2_28_x86_64.whl (22 kB)
Using cached setuptools-80.9.0-py3-none-any.whl (1.2 MB)
Saved /config/tmp/tmp.RGAnJVxip7/dist/fsspec-2025.10.0-py3-none-any.whl
Saved /config/tmp/tmp.RGAnJVxip7/dist/networkx-3.5-py3-none-any.whl
Saved /config/tmp/tmp.RGAnJVxip7/dist/sympy-1.14.0-py3-none-any.whl
Saved /config/tmp/tmp.RGAnJVxip7/dist/mpmath-1.3.0-py3-none-any.whl
Saved /config/tmp/tmp.RGAnJVxip7/dist/typing_extensions-4.15.0-py3-none-any.whl
Saved /config/tmp/tmp.RGAnJVxip7/dist/filelock-3.20.0-py3-none-any.whl
Saved /config/tmp/tmp.RGAnJVxip7/dist/jinja2-3.1.6-py3-none-any.whl
Saved /config/tmp/tmp.RGAnJVxip7/dist/markupsafe-3.0.3-cp312-cp312-manylinux2014_x86_64.manylinux_2_17_x86_64.manylinux_2_28_x86_64.whl
Saved /config/tmp/tmp.RGAnJVxip7/dist/setuptools-80.9.0-py3-none-any.whl
Building wheels for collected packages: torch
  Building wheel for torch (pyproject.toml): started
  Building wheel for torch (pyproject.toml): finished with status 'error'
  error: subprocess-exited-with-error
  
  × Building wheel for torch (pyproject.toml) did not run successfully.
  │ exit code: 1
  ╰─> [1571 lines of output]
      Building wheel torch-2.9.0a0+git0fabc3b
      Found cmake (/config/tmp/pip-build-env-c44w5qqo/overlay/bin/cmake) version: 4.1.2 (>=3.27)
      -- Building version 2.9.0a0+git0fabc3b
      Cloning into 'nccl'...
      Note: switching to '3ea7eedf3b9b94f1d9f99f4e55536dfcbd23c1ca'.
      
      You are in 'detached HEAD' state. You can look around, make experimental
      changes and commit them, and you can discard any commits you make in this
      state without impacting any branches by switching back to a branch.
      
      If you want to create a new branch to retain commits you create, you may
      do so (now or later) by using -c with the switch command. Example:
      
        git switch -c <new-branch-name>
      
      Or undo this operation with:
      
        git switch -
      
      Turn off this advice by setting config variable advice.detachedHead to false
      
      cmake -GNinja -DBUILD_PYTHON=True -DBUILD_TEST=False -DCMAKE_BUILD_TYPE=Release -DCMAKE_INSTALL_PREFIX=/config/tmp/tmp.RGAnJVxip7/pytorch/torch -DCMAKE_PREFIX_PATH=/home/abc/miniconda3/lib/python3.12/site-packages -DCUDA_NVCC_EXECUTABLE=/usr/local/cuda/bin/nvcc -DNVSHMEM_PY_DIR=/home/abc/miniconda3/lib/python3.12/site-packages/nvidia/nvshmem -DPython_EXECUTABLE=/home/abc/miniconda3/bin/python3 -DPython_NumPy_INCLUDE_DIR=/config/tmp/pip-build-env-c44w5qqo/overlay/lib/python3.12/site-packages/numpy/_core/include -DTORCH_BUILD_VERSION=2.9.0a0+git0fabc3b -DTORCH_CUDA_ARCH_LIST=8.9 -DUSE_CUDA=1 -DUSE_NUMPY=True /config/tmp/tmp.RGAnJVxip7/pytorch
      CMake Deprecation Warning at CMakeLists.txt:9 (cmake_policy):
        The OLD behavior for policy CMP0126 will be removed from a future version
        of CMake.
      
        The cmake-policies(7) manual explains that the OLD behaviors of all
        policies are deprecated and that a policy should be set to OLD only under
        specific short-term circumstances.  Projects should be ported to the NEW
        behavior and not rely on setting a policy to OLD.
      
      
      -- The CXX compiler identification is GNU 13.3.0
      -- The C compiler identification is GNU 13.3.0
      -- Detecting CXX compiler ABI info
      -- Detecting CXX compiler ABI info - done
      -- Check for working CXX compiler: /usr/bin/g++-13 - skipped
      -- Detecting CXX compile features
      -- Detecting CXX compile features - done
      -- Detecting C compiler ABI info
      -- Detecting C compiler ABI info - done
      -- Check for working C compiler: /usr/bin/gcc-13 - skipped
      -- Detecting C compile features
      -- Detecting C compile features - done
      -- Not forcing any particular BLAS to be found
      -- Could not find ccache. Consider installing ccache to speed up compilation.
      -- Performing Test C_HAS_AVX_1
      -- Performing Test C_HAS_AVX_1 - Failed
      -- Performing Test C_HAS_AVX_2
      -- Performing Test C_HAS_AVX_2 - Success
      -- Performing Test C_HAS_AVX2_1
      -- Performing Test C_HAS_AVX2_1 - Failed
      -- Performing Test C_HAS_AVX2_2
      -- Performing Test C_HAS_AVX2_2 - Success
      -- Performing Test C_HAS_AVX512_1
      -- Performing Test C_HAS_AVX512_1 - Failed
      -- Performing Test C_HAS_AVX512_2
      -- Performing Test C_HAS_AVX512_2 - Success
      -- Performing Test CXX_HAS_AVX_1
      -- Performing Test CXX_HAS_AVX_1 - Failed
      -- Performing Test CXX_HAS_AVX_2
      -- Performing Test CXX_HAS_AVX_2 - Success
      -- Performing Test CXX_HAS_AVX2_1
      -- Performing Test CXX_HAS_AVX2_1 - Failed
      -- Performing Test CXX_HAS_AVX2_2
      -- Performing Test CXX_HAS_AVX2_2 - Success
      -- Performing Test CXX_HAS_AVX512_1
      -- Performing Test CXX_HAS_AVX512_1 - Failed
      -- Performing Test CXX_HAS_AVX512_2
      -- Performing Test CXX_HAS_AVX512_2 - Success
      -- Current compiler supports avx2 extension. Will build perfkernels.
      -- Performing Test COMPILER_SUPPORTS_HIDDEN_VISIBILITY
      -- Performing Test COMPILER_SUPPORTS_HIDDEN_VISIBILITY - Success
      -- Performing Test COMPILER_SUPPORTS_HIDDEN_INLINE_VISIBILITY
      -- Performing Test COMPILER_SUPPORTS_HIDDEN_INLINE_VISIBILITY - Success
      -- Performing Test COMPILER_SUPPORTS_RDYNAMIC
      -- Performing Test COMPILER_SUPPORTS_RDYNAMIC - Success
      -- Could not find hardware support for NEON on this machine.
      -- No OMAP3 processor on this machine.
      -- No OMAP4 processor on this machine.
      -- Performing Test CXX_HAS_SVE256
      -- Performing Test CXX_HAS_SVE256 - Failed
      -- Performing Test CXX_HAS_ARM_BF16
      -- Performing Test CXX_HAS_ARM_BF16 - Failed
      -- No SVE processor on this machine.
      -- Compiler does not support SVE extension. Will not build perfkernels.
      -- Found CUDA: /usr/local/cuda (found version "13.0")
      -- The CUDA compiler identification is NVIDIA 13.0.88 with host compiler GNU 13.3.0
      -- Detecting CUDA compiler ABI info
      -- Detecting CUDA compiler ABI info - done
      -- Check for working CUDA compiler: /usr/local/cuda/bin/nvcc - skipped
      -- Detecting CUDA compile features
      -- Detecting CUDA compile features - done
      -- Found CUDAToolkit: /usr/local/cuda/include (found version "13.0.88")
      -- Performing Test CMAKE_HAVE_LIBC_PTHREAD
      -- Performing Test CMAKE_HAVE_LIBC_PTHREAD - Success
      -- Found Threads: TRUE
      -- PyTorch: CUDA detected: 13.0
      -- PyTorch: CUDA nvcc is: /usr/local/cuda/bin/nvcc
      -- PyTorch: CUDA toolkit directory: /usr/local/cuda
      -- PyTorch: Header version is: 13.0
      -- Found Python: /home/abc/miniconda3/bin/python3 (found version "3.12.12") found components: Interpreter
      CMake Warning at cmake/public/cuda.cmake:140 (message):
        Failed to compute shorthash for libnvrtc.so
      Call Stack (most recent call first):
        cmake/Dependencies.cmake:44 (include)
        CMakeLists.txt:869 (include)
      
      
      -- Could NOT find CUDNN (missing: CUDNN_LIBRARY_PATH CUDNN_INCLUDE_PATH)
      CMake Warning at cmake/public/cuda.cmake:201 (message):
        Cannot find cuDNN library.  Turning the option off
      Call Stack (most recent call first):
        cmake/Dependencies.cmake:44 (include)
        CMakeLists.txt:869 (include)
      
      
      -- Could NOT find CUSPARSELT (missing: CUSPARSELT_LIBRARY_PATH CUSPARSELT_INCLUDE_PATH)
      CMake Warning at cmake/public/cuda.cmake:226 (message):
        Cannot find cuSPARSELt library.  Turning the option off
      Call Stack (most recent call first):
        cmake/Dependencies.cmake:44 (include)
        CMakeLists.txt:869 (include)
      
      
      -- Could NOT find CUDSS (missing: CUDSS_LIBRARY_PATH CUDSS_INCLUDE_PATH)
      CMake Warning at cmake/public/cuda.cmake:242 (message):
        Cannot find CUDSS library.  Turning the option off
      Call Stack (most recent call first):
        cmake/Dependencies.cmake:44 (include)
        CMakeLists.txt:869 (include)
      
      
      CMake Warning at cmake/public/cuda.cmake:323 (message):
        pytorch is not compatible with `CMAKE_CUDA_ARCHITECTURES` and will ignore
        its value.  Please configure `TORCH_CUDA_ARCH_LIST` instead.
      Call Stack (most recent call first):
        cmake/Dependencies.cmake:44 (include)
        CMakeLists.txt:869 (include)
      
      
      -- Added CUDA NVCC flags for: -gencode;arch=compute_89,code=sm_89
      CMake Warning at cmake/Dependencies.cmake:95 (message):
        Not compiling with XPU.  Could NOT find SYCL.  Suppress this warning with
        -DUSE_XPU=OFF.
      Call Stack (most recent call first):
        CMakeLists.txt:869 (include)
      
      
      -- Building using own protobuf under third_party per request.
      -- Use custom protobuf build.
      CMake Warning at cmake/ProtoBuf.cmake:37 (message):
        Ancient protobuf forces CMake compatibility
      Call Stack (most recent call first):
        cmake/ProtoBuf.cmake:87 (custom_protobuf_find)
        cmake/Dependencies.cmake:107 (include)
        CMakeLists.txt:869 (include)
      
      
      CMake Deprecation Warning at third_party/protobuf/cmake/CMakeLists.txt:2 (cmake_minimum_required):
        Compatibility with CMake < 3.10 will be removed from a future version of
        CMake.
      
        Update the VERSION argument <min> value.  Or, use the <min>...<max> syntax
        to tell CMake that the project requires at least <min> but has been updated
        to work with policies introduced by <max> or earlier.
      
      
      --
      -- 3.13.0.0
      -- Performing Test protobuf_HAVE_BUILTIN_ATOMICS
      -- Performing Test protobuf_HAVE_BUILTIN_ATOMICS - Success
      -- Caffe2 protobuf include directory: $<BUILD_INTERFACE:/config/tmp/tmp.RGAnJVxip7/pytorch/third_party/protobuf/src>$<INSTALL_INTERFACE:include>
      -- Trying to find preferred BLAS backend of choice: MKL
      -- MKL_THREADING = OMP
      -- Looking for sys/types.h
      -- Looking for sys/types.h - found
      -- Looking for stdint.h
      -- Looking for stdint.h - found
      -- Looking for stddef.h
      -- Looking for stddef.h - found
      -- Check size of void*
      -- Check size of void* - done
      -- MKL_THREADING = OMP
      CMake Warning at cmake/Dependencies.cmake:213 (message):
        MKL could not be found.  Defaulting to Eigen
      Call Stack (most recent call first):
        CMakeLists.txt:869 (include)
      
      
      CMake Warning at cmake/Dependencies.cmake:279 (message):
        Preferred BLAS (MKL) cannot be found, now searching for a general BLAS
        library
      Call Stack (most recent call first):
        CMakeLists.txt:869 (include)
      
      
      -- MKL_THREADING = OMP
      -- Checking for [mkl_intel_lp64 - mkl_gnu_thread - mkl_core - gomp - pthread - m - dl]
      --   Library mkl_intel_lp64: not found
      -- Checking for [mkl_intel_lp64 - mkl_intel_thread - mkl_core - gomp - pthread - m - dl]
      --   Library mkl_intel_lp64: not found
      -- Checking for [mkl_intel - mkl_gnu_thread - mkl_core - gomp - pthread - m - dl]
      --   Library mkl_intel: not found
      -- Checking for [mkl_intel - mkl_intel_thread - mkl_core - gomp - pthread - m - dl]
      --   Library mkl_intel: not found
      -- Checking for [mkl_gf_lp64 - mkl_gnu_thread - mkl_core - gomp - pthread - m - dl]
      --   Library mkl_gf_lp64: not found
      -- Checking for [mkl_gf_lp64 - mkl_intel_thread - mkl_core - gomp - pthread - m - dl]
      --   Library mkl_gf_lp64: not found
      -- Checking for [mkl_gf - mkl_gnu_thread - mkl_core - gomp - pthread - m - dl]
      --   Library mkl_gf: not found
      -- Checking for [mkl_gf - mkl_intel_thread - mkl_core - gomp - pthread - m - dl]
      --   Library mkl_gf: not found
      -- Checking for [mkl_intel_lp64 - mkl_gnu_thread - mkl_core - iomp5 - pthread - m - dl]
      --   Library mkl_intel_lp64: not found
      -- Checking for [mkl_intel_lp64 - mkl_intel_thread - mkl_core - iomp5 - pthread - m - dl]
      --   Library mkl_intel_lp64: not found
      -- Checking for [mkl_intel - mkl_gnu_thread - mkl_core - iomp5 - pthread - m - dl]
      --   Library mkl_intel: not found
      -- Checking for [mkl_intel - mkl_intel_thread - mkl_core - iomp5 - pthread - m - dl]
      --   Library mkl_intel: not found
      -- Checking for [mkl_gf_lp64 - mkl_gnu_thread - mkl_core - iomp5 - pthread - m - dl]
      --   Library mkl_gf_lp64: not found
      -- Checking for [mkl_gf_lp64 - mkl_intel_thread - mkl_core - iomp5 - pthread - m - dl]
      --   Library mkl_gf_lp64: not found
      -- Checking for [mkl_gf - mkl_gnu_thread - mkl_core - iomp5 - pthread - m - dl]
      --   Library mkl_gf: not found
      -- Checking for [mkl_gf - mkl_intel_thread - mkl_core - iomp5 - pthread - m - dl]
      --   Library mkl_gf: not found
      -- Checking for [mkl_intel_lp64 - mkl_gnu_thread - mkl_core - pthread - m - dl]
      --   Library mkl_intel_lp64: not found
      -- Checking for [mkl_intel_lp64 - mkl_intel_thread - mkl_core - pthread - m - dl]
      --   Library mkl_intel_lp64: not found
      -- Checking for [mkl_intel - mkl_gnu_thread - mkl_core - pthread - m - dl]
      --   Library mkl_intel: not found
      -- Checking for [mkl_intel - mkl_intel_thread - mkl_core - pthread - m - dl]
      --   Library mkl_intel: not found
      -- Checking for [mkl_gf_lp64 - mkl_gnu_thread - mkl_core - pthread - m - dl]
      --   Library mkl_gf_lp64: not found
      -- Checking for [mkl_gf_lp64 - mkl_intel_thread - mkl_core - pthread - m - dl]
      --   Library mkl_gf_lp64: not found
      -- Checking for [mkl_gf - mkl_gnu_thread - mkl_core - pthread - m - dl]
      --   Library mkl_gf: not found
      -- Checking for [mkl_gf - mkl_intel_thread - mkl_core - pthread - m - dl]
      --   Library mkl_gf: not found
      -- Checking for [mkl_intel_lp64 - mkl_sequential - mkl_core - m - dl]
      --   Library mkl_intel_lp64: not found
      -- Checking for [mkl_intel - mkl_sequential - mkl_core - m - dl]
      --   Library mkl_intel: not found
      -- Checking for [mkl_gf_lp64 - mkl_sequential - mkl_core - m - dl]
      --   Library mkl_gf_lp64: not found
      -- Checking for [mkl_gf - mkl_sequential - mkl_core - m - dl]
      --   Library mkl_gf: not found
      -- Checking for [mkl_intel_lp64 - mkl_core - gomp - pthread - m - dl]
      --   Library mkl_intel_lp64: not found
      -- Checking for [mkl_intel - mkl_core - gomp - pthread - m - dl]
      --   Library mkl_intel: not found
      -- Checking for [mkl_gf_lp64 - mkl_core - gomp - pthread - m - dl]
      --   Library mkl_gf_lp64: not found
      -- Checking for [mkl_gf - mkl_core - gomp - pthread - m - dl]
      --   Library mkl_gf: not found
      -- Checking for [mkl_intel_lp64 - mkl_core - iomp5 - pthread - m - dl]
      --   Library mkl_intel_lp64: not found
      -- Checking for [mkl_intel - mkl_core - iomp5 - pthread - m - dl]
      --   Library mkl_intel: not found
      -- Checking for [mkl_gf_lp64 - mkl_core - iomp5 - pthread - m - dl]
      --   Library mkl_gf_lp64: not found
      -- Checking for [mkl_gf - mkl_core - iomp5 - pthread - m - dl]
      --   Library mkl_gf: not found
      -- Checking for [mkl_intel_lp64 - mkl_core - pthread - m - dl]
      --   Library mkl_intel_lp64: not found
      -- Checking for [mkl_intel - mkl_core - pthread - m - dl]
      --   Library mkl_intel: not found
      -- Checking for [mkl_gf_lp64 - mkl_core - pthread - m - dl]
      --   Library mkl_gf_lp64: not found
      -- Checking for [mkl_gf - mkl_core - pthread - m - dl]
      --   Library mkl_gf: not found
      -- Checking for [mkl - guide - pthread - m]
      --   Library mkl: not found
      -- MKL library not found
      -- Checking for [blis]
      --   Library blis: BLAS_blis_LIBRARY-NOTFOUND
      -- Checking for [Accelerate]
      --   Library Accelerate: BLAS_Accelerate_LIBRARY-NOTFOUND
      -- Checking for [vecLib]
      --   Library vecLib: BLAS_vecLib_LIBRARY-NOTFOUND
      -- Checking for [flexiblas]
      --   Library flexiblas: BLAS_flexiblas_LIBRARY-NOTFOUND
      -- Checking for [openblas]
      --   Library openblas: BLAS_openblas_LIBRARY-NOTFOUND
      -- Checking for [openblas - pthread - m]
      --   Library openblas: BLAS_openblas_LIBRARY-NOTFOUND
      -- Checking for [openblas - pthread - m - gomp]
      --   Library openblas: BLAS_openblas_LIBRARY-NOTFOUND
      -- Checking for [goto2 - gfortran]
      --   Library goto2: BLAS_goto2_LIBRARY-NOTFOUND
      -- Checking for [goto2 - gfortran - pthread]
      --   Library goto2: BLAS_goto2_LIBRARY-NOTFOUND
      -- Checking for [acml - gfortran]
      --   Library acml: BLAS_acml_LIBRARY-NOTFOUND
      -- Checking for [blis]
      --   Library blis: BLAS_blis_LIBRARY-NOTFOUND
      -- Could NOT find Atlas (missing: Atlas_CBLAS_INCLUDE_DIR Atlas_CLAPACK_INCLUDE_DIR Atlas_CBLAS_LIBRARY Atlas_BLAS_LIBRARY Atlas_LAPACK_LIBRARY)
      -- Checking for [ptf77blas - atlas - gfortran]
      --   Library ptf77blas: BLAS_ptf77blas_LIBRARY-NOTFOUND
      -- Checking for []
      -- Looking for sgemm_
      -- Looking for sgemm_ - not found
      -- Cannot find a library with BLAS API. Not using BLAS.
      -- Using pocketfft in directory: /config/tmp/tmp.RGAnJVxip7/pytorch/third_party/pocketfft/
      CMake Deprecation Warning at third_party/pthreadpool/CMakeLists.txt:1 (CMAKE_MINIMUM_REQUIRED):
        Compatibility with CMake < 3.10 will be removed from a future version of
        CMake.
      
        Update the VERSION argument <min> value.  Or, use the <min>...<max> syntax
        to tell CMake that the project requires at least <min> but has been updated
        to work with policies introduced by <max> or earlier.
      
      
      CMake Deprecation Warning at third_party/FXdiv/CMakeLists.txt:1 (CMAKE_MINIMUM_REQUIRED):
        Compatibility with CMake < 3.10 will be removed from a future version of
        CMake.
      
        Update the VERSION argument <min> value.  Or, use the <min>...<max> syntax
        to tell CMake that the project requires at least <min> but has been updated
        to work with policies introduced by <max> or earlier.
      
      
      CMake Deprecation Warning at third_party/cpuinfo/CMakeLists.txt:1 (CMAKE_MINIMUM_REQUIRED):
        Compatibility with CMake < 3.10 will be removed from a future version of
        CMake.
      
        Update the VERSION argument <min> value.  Or, use the <min>...<max> syntax
        to tell CMake that the project requires at least <min> but has been updated
        to work with policies introduced by <max> or earlier.
      
      
      CMake Deprecation Warning at aten/src/ATen/native/quantized/cpu/qnnpack/CMakeLists.txt:7 (cmake_minimum_required):
        Compatibility with CMake < 3.10 will be removed from a future version of
        CMake.
      
        Update the VERSION argument <min> value.  Or, use the <min>...<max> syntax
        to tell CMake that the project requires at least <min> but has been updated
        to work with policies introduced by <max> or earlier.
      
      
      -- The ASM compiler identification is GNU
      -- Found assembler: /usr/bin/gcc-13
      CMake Warning at aten/src/ATen/native/quantized/cpu/qnnpack/CMakeLists.txt:399 (message):
        Ancient psimd/FP16 forces CMake compatibility
      
      
      CMake Deprecation Warning at third_party/psimd/CMakeLists.txt:1 (CMAKE_MINIMUM_REQUIRED):
        Compatibility with CMake < 3.10 will be removed from a future version of
        CMake.
      
        Update the VERSION argument <min> value.  Or, use the <min>...<max> syntax
        to tell CMake that the project requires at least <min> but has been updated
        to work with policies introduced by <max> or earlier.
      
      
      CMake Deprecation Warning at third_party/FP16/CMakeLists.txt:1 (CMAKE_MINIMUM_REQUIRED):
        Compatibility with CMake < 3.10 will be removed from a future version of
        CMake.
      
        Update the VERSION argument <min> value.  Or, use the <min>...<max> syntax
        to tell CMake that the project requires at least <min> but has been updated
        to work with policies introduced by <max> or earlier.
      
      
      -- Brace yourself, we are building NNPACK
      CMake Warning at cmake/External/nnpack.cmake:66 (message):
        Ancient nnpack forces CMake compatibility
      Call Stack (most recent call first):
        cmake/Dependencies.cmake:502 (include)
        CMakeLists.txt:869 (include)
      
      
      CMake Deprecation Warning at third_party/NNPACK/CMakeLists.txt:1 (CMAKE_MINIMUM_REQUIRED):
        Compatibility with CMake < 3.10 will be removed from a future version of
        CMake.
      
        Update the VERSION argument <min> value.  Or, use the <min>...<max> syntax
        to tell CMake that the project requires at least <min> but has been updated
        to work with policies introduced by <max> or earlier.
      
      
      -- Performing Test NNPACK_ARCH_IS_X86_32
      -- Performing Test NNPACK_ARCH_IS_X86_32 - Failed
      CMake Warning (dev) at third_party/NNPACK/CMakeLists.txt:110 (FIND_PACKAGE):
        Policy CMP0148 is not set: The FindPythonInterp and FindPythonLibs modules
        are removed.  Run "cmake --help-policy CMP0148" for policy details.  Use
        the cmake_policy command to set the policy and suppress this warning.
      
      This warning is for project developers.  Use -Wno-dev to suppress it.
      
      -- Found PythonInterp: /home/abc/miniconda3/bin/python (found version "3.12.12")
      -- NNPACK backend is x86-64
      -- Downloading six (Python package) to /config/tmp/tmp.RGAnJVxip7/pytorch/build/confu-srcs/six (define PYTHON_SIX_SOURCE_DIR to avoid it)
      CMake Error at CMakeLists.txt:1 (CMAKE_MINIMUM_REQUIRED):
        Compatibility with CMake < 3.5 has been removed from CMake.
      
        Update the VERSION argument <min> value.  Or, use the <min>...<max> syntax
        to tell CMake that the project requires at least <min> but has been updated
        to work with policies introduced by <max> or earlier.
      
        Or, add -DCMAKE_POLICY_VERSION_MINIMUM=3.5 to try configuring anyway.
      
      
      -- Configuring incomplete, errors occurred!
      Error: could not find CMAKE_PROJECT_NAME in Cache
      -- Building for XNNPACK_TARGET_PROCESSOR: x86_64
      -- Generating microkernels.cmake
      No microkernel found in src/reference/packing.cc
      No microkernel found in src/reference/unary-elementwise.cc
      No microkernel found in src/reference/binary-elementwise.cc
      Duplicate microkernel definition: src/qs8-qc4w-packw/gen/qs8-qc4w-packw-x8c8-gemm-goi-scalar.c and src/qs8-qc4w-packw/gen/qs8-qc4w-packw-x8c8-gemm-goi-avxvnni.c (1th function)
      Duplicate microkernel definition: src/qs8-qc4w-packw/gen/qs8-qc4w-packw-x8c8-gemm-goi-avxvnni.c and src/qs8-qc4w-packw/gen/qs8-qc4w-packw-x8c8-gemm-goi-avx256vnni.c (1th function)
      
      
      ================================================================================
      Default C++ compiler flags
      (values may be overridden by CMAKE_CXX_STANDARD and CXX_STANDARD):
      
      CMAKE_CXX_FLAGS:  -fvisibility-inlines-hidden -DUSE_PTHREADPOOL
      
      CMAKE_CXX_FLAGS_DEBUG: -g
      
      CMAKE_CXX_FLAGS_RELEASE: -O3 -DNDEBUG
      ================================================================================
      
      
      
      ================================================================================
      AVX2_FLAGS:
      
      -mavx2
      -mf16c
      -mfma
      -fopenmp
      ================================================================================
      
      
      
      ================================================================================
      AVX512_FLAGS:
      
      -mavx2
      -mf16c
      -mfma
      -mavx512f
      -mavx512bw
      -mavx512dq
      -mavx512vl
      -fopenmp
      ================================================================================
      
      -- CXX_AVX_FLAGS: -mavx
      -- CXX_AVX2_FLAGS: -mavx2 -mfma -mf16c
      -- CXX_AVX512_FLAGS: -mavx512f -mavx512dq -mavx512vl -mavx512bw -mfma
      -- Performing Test COMPILER_SUPPORTS_SVE
      -- Performing Test COMPILER_SUPPORTS_SVE - Failed
      -- Performing Test COMPILER_SUPPORTS_SVE2
      -- Performing Test COMPILER_SUPPORTS_SVE2 - Failed
      -- Performing Test COMPILER_SUPPORTS_FP16FML
      -- Performing Test COMPILER_SUPPORTS_FP16FML - Failed
      -- Performing Test HAVE_GNU_F2H_IEEE
      -- Performing Test HAVE_GNU_F2H_IEEE - Failed
      -- MKL_THREADING = OMP
      -- Check OMP with lib /usr/lib/gcc/x86_64-linux-gnu/13/libgomp.so and flags -fopenmp -v
      -- MKL_THREADING = OMP
      -- Check OMP with lib /usr/lib/gcc/x86_64-linux-gnu/13/libgomp.so and flags -fopenmp -v
      CMake Warning (dev) at /config/tmp/pip-build-env-c44w5qqo/overlay/lib/python3.12/site-packages/cmake/data/share/cmake-4.1/Modules/FindPackageHandleStandardArgs.cmake:430 (message):
        The package name passed to find_package_handle_standard_args() (OpenMP_C)
        does not match the name of the calling package (OpenMP).  This can lead to
        problems in calling code that expects find_package() result variables
        (e.g., `_FOUND`) to follow a certain pattern.
      Call Stack (most recent call first):
        cmake/Modules/FindOpenMP.cmake:635 (find_package_handle_standard_args)
        third_party/fbgemm/CMakeLists.txt:132 (find_package)
      This warning is for project developers.  Use -Wno-dev to suppress it.
      
      -- Found OpenMP_C: -fopenmp (found version "4.5")
      CMake Warning (dev) at /config/tmp/pip-build-env-c44w5qqo/overlay/lib/python3.12/site-packages/cmake/data/share/cmake-4.1/Modules/FindPackageHandleStandardArgs.cmake:430 (message):
        The package name passed to find_package_handle_standard_args() (OpenMP_CXX)
        does not match the name of the calling package (OpenMP).  This can lead to
        problems in calling code that expects find_package() result variables
        (e.g., `_FOUND`) to follow a certain pattern.
      Call Stack (most recent call first):
        cmake/Modules/FindOpenMP.cmake:635 (find_package_handle_standard_args)
        third_party/fbgemm/CMakeLists.txt:132 (find_package)
      This warning is for project developers.  Use -Wno-dev to suppress it.
      
      -- Found OpenMP_CXX: -fopenmp (found version "4.5")
      -- Found OpenMP: TRUE (found version "4.5")
      -- OpenMP found: OpenMP_C_INCLUDE_DIRS =
      
      
      ================================================================================
      CPP Library Target: fbgemm_generic (OBJECT)
      
      SRCS:
      src/EmbeddingSpMDM.cc
      src/EmbeddingSpMDMNBit.cc
      src/ExecuteKernel.cc
      src/ExecuteKernelU8S8.cc
      src/Fbgemm.cc
      src/FbgemmBfloat16Convert.cc
      src/FbgemmConv.cc
      src/FbgemmFPCommon.cc
      src/FbgemmFP16.cc
      src/FbgemmFloat16Convert.cc
      src/FbgemmI64.cc
      src/FbgemmSparseDense.cc
      src/FbgemmI8Spmdm.cc
      src/FbgemmPackMatrixB.cc
      src/GenerateKernelDirectConvU8S8S32ACC32.cc
      src/GenerateKernel.cc
      src/GenerateKernelU8S8S32ACC16.cc
      src/GenerateKernelU8S8S32ACC16Avx512.cc
      src/GenerateKernelU8S8S32ACC16Avx512VNNI.cc
      src/GenerateKernelU8S8S32ACC32.cc
      src/GenerateKernelU8S8S32ACC32Avx512VNNI.cc
      src/GroupwiseConv.cc
      src/GroupwiseConvAcc32Avx2.cc
      src/GroupwiseConvAcc32Avx512.cc
      src/PackAMatrix.cc
      src/PackAWithIm2Col.cc
      src/PackAWithQuantRowOffset.cc
      src/PackAWithRowOffset.cc
      src/PackBMatrix.cc
      src/PackMatrix.cc
      src/PackWeightMatrixForGConv.cc
      src/PackWeightsForConv.cc
      src/PackWeightsForDirectConv.cc
      src/QuantUtils.cc
      src/RowWiseSparseAdagradFused.cc
      src/SparseAdagrad.cc
      src/spmmUtils.cc
      src/TransposeUtils.cc
      src/GenerateI8Depthwise.cc
      src/RefImplementations.cc
      src/Utils.cc
      src/fp32/FbgemmFP32.cc
      
      CC_FLAGS:
      
      
      MSVC_FLAGS:
      /wd4717
      /bigobj
      
      DEFINITIONS:
      FBGEMM_STATIC
      
      ENABLE_IPO:
      
      
      INCLUDE_DIRS:
      $<BUILD_INTERFACE:/config/tmp/tmp.RGAnJVxip7/pytorch/third_party/fbgemm>
      $<BUILD_INTERFACE:/config/tmp/tmp.RGAnJVxip7/pytorch/third_party/fbgemm/include>
      $<BUILD_INTERFACE:/config/tmp/tmp.RGAnJVxip7/pytorch/third_party/fbgemm/bench>
      
      Library Dependencies:
      $<BUILD_INTERFACE:cpuinfo>
      $<BUILD_INTERFACE:asmjit>
      
      Output Library:
      fbgemm_generic
      
      Install Destination:
      lib
      ================================================================================
      
      -- Processor is x86_64; will build AVX2 target
      
      
      ================================================================================
      CPP Library Target: fbgemm_avx2 (OBJECT)
      
      SRCS:
      src/EmbeddingSpMDMAvx2.cc
      src/FbgemmBfloat16ConvertAvx2.cc
      src/FbgemmFloat16ConvertAvx2.cc
      src/FbgemmI8Depthwise3DAvx2.cc
      src/FbgemmI8DepthwiseAvx2.cc
      src/FbgemmI8DepthwisePerChannelQuantAvx2.cc
      src/FbgemmSparseDenseAvx2.cc
      src/FbgemmSparseDenseInt8Avx2.cc
      src/OptimizedKernelsAvx2.cc
      src/PackDepthwiseConvMatrixAvx2.cc
      src/QuantUtilsAvx2.cc
      src/spmmUtilsAvx2.cc
      src/UtilsAvx2.cc
      src/fp32/FbgemmFP32UKernelsAvx2.cc
      src/FbgemmFP16UKernelsAvx2.cc
      
      CC_FLAGS:
      -m64
      -mf16c
      -mfma
      -mavx2
      -mfma
      -mf16c
      
      MSVC_FLAGS:
      -mavx2
      -mfma
      -mf16c
      
      DEFINITIONS:
      
      
      ENABLE_IPO:
      
      
      INCLUDE_DIRS:
      
      
      Library Dependencies:
      $<BUILD_INTERFACE:cpuinfo>
      $<BUILD_INTERFACE:asmjit>
      fbgemm_generic
      
      Output Library:
      fbgemm_avx2
      
      Install Destination:
      lib
      ================================================================================
      
      -- Processor is x86_64; will build AVX512 target
      
      
      ================================================================================
      CPP Library Target: fbgemm_avx512 (OBJECT)
      
      SRCS:
      src/FbgemmBfloat16ConvertAvx512.cc
      src/EmbeddingSpMDMAvx512.cc
      src/FbgemmFloat16ConvertAvx512.cc
      src/FbgemmSparseDenseAvx512.cc
      src/FbgemmSparseDenseInt8Avx512.cc
      src/FbgemmSparseDenseVectorInt8Avx512.cc
      src/QuantUtilsAvx512.cc
      src/UtilsAvx512.cc
      src/FbgemmFP16UKernelsAvx512.cc
      src/FbgemmFP16UKernelsAvx512_256.cc
      src/fp32/FbgemmFP32UKernelsAvx512.cc
      src/fp32/FbgemmFP32UKernelsAvx512_256.cc
      
      CC_FLAGS:
      -m64
      -mfma
      -mavx512f
      -mavx512dq
      -mavx512vl
      -mavx512bw
      -mfma
      -mavx2
      -mfma
      -mf16c
      
      MSVC_FLAGS:
      -mavx512f
      -mavx512dq
      -mavx512vl
      -mavx512bw
      -mfma
      -mavx2
      -mfma
      -mf16c
      
      DEFINITIONS:
      
      
      ENABLE_IPO:
      
      
      INCLUDE_DIRS:
      
      
      Library Dependencies:
      $<BUILD_INTERFACE:cpuinfo>
      $<BUILD_INTERFACE:asmjit>
      fbgemm_generic
      
      Output Library:
      fbgemm_avx512
      
      Install Destination:
      lib
      ================================================================================
      
      -- Processor is x86_64; will NOT build Neon target
      -- Processor is x86_64; will NOT build SVE target
      -- Will build autovec target
      
      
      ================================================================================
      CPP Library Target: fbgemm_autovec (OBJECT)
      
      SRCS:
      src/EmbeddingSpMDMAutovec.cc
      src/EmbeddingStatsTracker.cc
      
      CC_FLAGS:
      
      
      MSVC_FLAGS:
      
      
      DEFINITIONS:
      
      
      ENABLE_IPO:
      OFF
      
      INCLUDE_DIRS:
      
      
      Library Dependencies:
      $<BUILD_INTERFACE:cpuinfo>
      $<BUILD_INTERFACE:asmjit>
      fbgemm_generic
      
      Output Library:
      fbgemm_autovec
      
      Install Destination:
      lib
      ================================================================================
      
      
      
      ================================================================================
      CPP Library Target: fbgemm (STATIC)
      
      SRCS:
      
      
      CC_FLAGS:
      
      
      MSVC_FLAGS:
      
      
      DEFINITIONS:
      
      
      ENABLE_IPO:
      
      
      INCLUDE_DIRS:
      
      
      Library Dependencies:
      fbgemm_generic
      fbgemm_avx2
      fbgemm_avx512
      fbgemm_autovec
      
      Output Library:
      fbgemm
      
      Install Destination:
      lib
      ================================================================================
      
      -- Performing Test __CxxFlag__fno_threadsafe_statics
      -- Performing Test __CxxFlag__fno_threadsafe_statics - Success
      -- Performing Test __CxxFlag__fno_semantic_interposition
      -- Performing Test __CxxFlag__fno_semantic_interposition - Success
      -- Performing Test __CxxFlag__fmerge_all_constants
      -- Performing Test __CxxFlag__fmerge_all_constants - Success
      -- Performing Test __CxxFlag__fno_enforce_eh_specs
      -- Performing Test __CxxFlag__fno_enforce_eh_specs - Success
      -- Dependency: adding libc (Linux, BSD, or other UNIX/POSIX environment)
      -- Performing Test ASMJIT_LIBC_HAS_LIBPTHREAD
      -- Performing Test ASMJIT_LIBC_HAS_LIBPTHREAD - Success
      -- Dependency: libpthread provided by libc (not linking to libpthread)
      -- Performing Test ASMJIT_LIBC_HAS_LIBRT
      -- Performing Test ASMJIT_LIBC_HAS_LIBRT - Success
      -- Dependency: shm_open provided by libc (not linking to librt)
      ** AsmJit Summary **
         ASMJIT_DIR=/config/tmp/tmp.RGAnJVxip7/pytorch/third_party/fbgemm/external/asmjit
         ASMJIT_TEST=FALSE
         ASMJIT_TARGET_TYPE=STATIC
         ASMJIT_DEPS=c
         ASMJIT_LIBS=asmjit;c
         ASMJIT_CFLAGS=-DASMJIT_STATIC
         ASMJIT_PRIVATE_CFLAGS=-Wall;-Wextra;-Wconversion;-fno-math-errno;-fno-threadsafe-statics;-fno-semantic-interposition;-DASMJIT_STATIC
         ASMJIT_PRIVATE_CFLAGS_DBG=
         ASMJIT_PRIVATE_CFLAGS_REL=-O2;-fmerge-all-constants;-fno-enforce-eh-specs
      -- Performing Test HAS_WNO_UNUSED_BUT_SET_VARIABLE
      -- Performing Test HAS_WNO_UNUSED_BUT_SET_VARIABLE - Success
      -- Performing Test HAS_WNO_UNUSED_VARIABLE
      -- Performing Test HAS_WNO_UNUSED_VARIABLE - Success
      -- Could NOT find Numa (missing: Numa_INCLUDE_DIR Numa_LIBRARIES)
      CMake Warning at cmake/Dependencies.cmake:713 (message):
        Not compiling with NUMA.  Suppress this warning with -DUSE_NUMA=OFF
      Call Stack (most recent call first):
        CMakeLists.txt:869 (include)
      
      
      CMake Deprecation Warning at third_party/ittapi/CMakeLists.txt:7 (cmake_minimum_required):
        Compatibility with CMake < 3.10 will be removed from a future version of
        CMake.
      
        Update the VERSION argument <min> value.  Or, use the <min>...<max> syntax
        to tell CMake that the project requires at least <min> but has been updated
        to work with policies introduced by <max> or earlier.
      
      
      -- Using third party subdirectory Eigen.
      -- Found Python: /home/abc/miniconda3/bin/python3 (found version "3.12.12") found components: Interpreter Development.Module NumPy
      -- Using third_party/pybind11.
      -- pybind11 include dirs: /config/tmp/tmp.RGAnJVxip7/pytorch/cmake/../third_party/pybind11/include
      -- Could NOT find OpenTelemetryApi (missing: OpenTelemetryApi_INCLUDE_DIRS)
      -- Using third_party/opentelemetry-cpp.
      -- opentelemetry api include dirs: /config/tmp/tmp.RGAnJVxip7/pytorch/cmake/../third_party/opentelemetry-cpp/api/include
      -- Could NOT find MPI_C (missing: MPI_C_LIB_NAMES MPI_C_HEADER_DIR MPI_C_WORKS)
      -- Could NOT find MPI_CXX (missing: MPI_CXX_LIB_NAMES MPI_CXX_HEADER_DIR MPI_CXX_WORKS)
      -- Could NOT find MPI (missing: MPI_C_FOUND MPI_CXX_FOUND)
      CMake Warning at cmake/Dependencies.cmake:894 (message):
        Not compiling with MPI.  Suppress this warning with -DUSE_MPI=OFF
      Call Stack (most recent call first):
        CMakeLists.txt:869 (include)
      
      
      -- Found OpenMP_C: -fopenmp
      -- Found OpenMP_CXX: -fopenmp
      -- Found OpenMP: TRUE
      -- Adding OpenMP CXX_FLAGS: -fopenmp
      -- Will link against OpenMP libraries: /usr/lib/gcc/x86_64-linux-gnu/13/libgomp.so
      -- Found nvtx3: /config/tmp/tmp.RGAnJVxip7/pytorch/third_party/NVTX/c/include
      -- ROCM_PATH environment variable is not set and /opt/rocm does not exist.
      Building without ROCm support.
      CMake Warning at cmake/Dependencies.cmake:1105 (message):
        Not using XPU, so disabling USE_XCCL.  Suppress this warning with
        -DUSE_XCCL=OFF.
      Call Stack (most recent call first):
        CMakeLists.txt:869 (include)
      
      
      -- Converting CMAKE_CUDA_FLAGS to CUDA_NVCC_FLAGS:
          CUDA_NVCC_FLAGS                = -DLIBCUDACXX_ENABLE_SIMPLIFIED_COMPLEX_OPERATIONS;-Xfatbin;-compress-all;-DONNX_NAMESPACE=onnx_torch;-gencode;arch=compute_89,code=sm_89;-Xcudafe;--diag_suppress=cc_clobber_ignored,--diag_suppress=field_without_dll_interface,--diag_suppress=base_class_has_different_dll_interface,--diag_suppress=dll_interface_conflict_none_assumed,--diag_suppress=dll_interface_conflict_dllexport_assumed,--diag_suppress=bad_friend_decl;--expt-relaxed-constexpr;--expt-extended-lambda
          CUDA_NVCC_FLAGS_DEBUG          = -g
          CUDA_NVCC_FLAGS_RELEASE        = -O3;-DNDEBUG
          CUDA_NVCC_FLAGS_RELWITHDEBINFO = -O2;-g;-DNDEBUG
          CUDA_NVCC_FLAGS_MINSIZEREL     = -O1;-DNDEBUG
      -- Performing Test UV_LINT_W4
      -- Performing Test UV_LINT_W4 - Failed
      -- Performing Test UV_LINT_NO_UNUSED_PARAMETER_MSVC
      -- Performing Test UV_LINT_NO_UNUSED_PARAMETER_MSVC - Failed
      -- Performing Test UV_LINT_NO_CONDITIONAL_CONSTANT_MSVC
      -- Performing Test UV_LINT_NO_CONDITIONAL_CONSTANT_MSVC - Failed
      -- Performing Test UV_LINT_NO_NONSTANDARD_MSVC
      -- Performing Test UV_LINT_NO_NONSTANDARD_MSVC - Failed
      -- Performing Test UV_LINT_NO_NONSTANDARD_EMPTY_TU_MSVC
      -- Performing Test UV_LINT_NO_NONSTANDARD_EMPTY_TU_MSVC - Failed
      -- Performing Test UV_LINT_NO_NONSTANDARD_FILE_SCOPE_MSVC
      -- Performing Test UV_LINT_NO_NONSTANDARD_FILE_SCOPE_MSVC - Failed
      -- Performing Test UV_LINT_NO_NONSTANDARD_NONSTATIC_DLIMPORT_MSVC
      -- Performing Test UV_LINT_NO_NONSTANDARD_NONSTATIC_DLIMPORT_MSVC - Failed
      -- Performing Test UV_LINT_NO_HIDES_LOCAL
      -- Performing Test UV_LINT_NO_HIDES_LOCAL - Failed
      -- Performing Test UV_LINT_NO_HIDES_PARAM
      -- Performing Test UV_LINT_NO_HIDES_PARAM - Failed
      -- Performing Test UV_LINT_NO_HIDES_GLOBAL
      -- Performing Test UV_LINT_NO_HIDES_GLOBAL - Failed
      -- Performing Test UV_LINT_NO_CONDITIONAL_ASSIGNMENT_MSVC
      -- Performing Test UV_LINT_NO_CONDITIONAL_ASSIGNMENT_MSVC - Failed
      -- Performing Test UV_LINT_NO_UNSAFE_MSVC
      -- Performing Test UV_LINT_NO_UNSAFE_MSVC - Failed
      -- Performing Test UV_LINT_WALL
      -- Performing Test UV_LINT_WALL - Success
      -- Performing Test UV_LINT_NO_UNUSED_PARAMETER
      -- Performing Test UV_LINT_NO_UNUSED_PARAMETER - Success
      -- Performing Test UV_LINT_STRICT_PROTOTYPES
      -- Performing Test UV_LINT_STRICT_PROTOTYPES - Success
      -- Performing Test UV_LINT_EXTRA
      -- Performing Test UV_LINT_EXTRA - Success
      -- Performing Test UV_LINT_UTF8_MSVC
      -- Performing Test UV_LINT_UTF8_MSVC - Failed
      -- Performing Test UV_F_STRICT_ALIASING
      -- Performing Test UV_F_STRICT_ALIASING - Success
      -- summary of build options:
          Install prefix:  /config/tmp/tmp.RGAnJVxip7/pytorch/torch
          Target system:   Linux
          Compiler:
            C compiler:    /usr/bin/gcc-13 (GNU)
            CFLAGS:
      
      -- Found uv: 1.51.0 (found version "1.51.0")
      -- Performing Test HAS_WNO_MISSING_TEMPLATE_ARG_LIST_AFTER_TEMPLATE_KW
      -- Performing Test HAS_WNO_MISSING_TEMPLATE_ARG_LIST_AFTER_TEMPLATE_KW - Failed
      -- Gloo build as SHARED library
      -- Found CUDAToolkit: /usr/local/cuda/include (found suitable version "13.0.88", minimum required is "7.0")
      -- CUDA detected: 13.0.88
      -- GLOO_USE_TORCH_DTYPES : 1 /config/tmp/tmp.RGAnJVxip7/pytorch;/config/tmp/tmp.RGAnJVxip7/pytorch/build
      -- Found Python3: /home/abc/miniconda3/bin/python3 (found version "3.12.12") found components: Interpreter
      -- ONNX_PROTOC_EXECUTABLE: $<TARGET_FILE:protobuf::protoc>
      -- Protobuf_VERSION: Protobuf_VERSION_NOTFOUND
      Generated: /config/tmp/tmp.RGAnJVxip7/pytorch/build/third_party/onnx/onnx/onnx_onnx_torch-ml.proto
      Generated: /config/tmp/tmp.RGAnJVxip7/pytorch/build/third_party/onnx/onnx/onnx-operators_onnx_torch-ml.proto
      Generated: /config/tmp/tmp.RGAnJVxip7/pytorch/build/third_party/onnx/onnx/onnx-data_onnx_torch.proto
      --
      -- ******** Summary ********
      --   CMake version                     : 4.1.2
      --   CMake command                     : /config/tmp/pip-build-env-c44w5qqo/overlay/lib/python3.12/site-packages/cmake/data/bin/cmake
      --   System                            : Linux
      --   C++ compiler                      : /usr/bin/g++-13
      --   C++ compiler version              : 13.3.0
      --   CXX flags                         :  -fvisibility-inlines-hidden -DUSE_PTHREADPOOL -Wnon-virtual-dtor
      --   Build type                        : Release
      --   Compile definitions               : ONNX_ML=1;ONNXIFI_ENABLE_EXT=1
      --   CMAKE_PREFIX_PATH                 : /home/abc/miniconda3/lib/python3.12/site-packages;/usr/local/cuda;/usr/local/cuda;/usr/local/cuda
      --   CMAKE_INSTALL_PREFIX              : /config/tmp/tmp.RGAnJVxip7/pytorch/torch
      --   CMAKE_MODULE_PATH                 : /config/tmp/tmp.RGAnJVxip7/pytorch/cmake/Modules;/config/tmp/tmp.RGAnJVxip7/pytorch/cmake/public/../Modules_CUDA_fix
      --
      --   ONNX version                      : 1.18.0
      --   ONNX NAMESPACE                    : onnx_torch
      --   ONNX_USE_LITE_PROTO               : OFF
      --   USE_PROTOBUF_SHARED_LIBS          : OFF
      --   ONNX_DISABLE_EXCEPTIONS           : OFF
      --   ONNX_DISABLE_STATIC_REGISTRATION  : OFF
      --   ONNX_WERROR                       : OFF
      --   ONNX_BUILD_TESTS                  : OFF
      --   BUILD_SHARED_LIBS                 : OFF
      --
      --   Protobuf compiler                 : $<TARGET_FILE:protobuf::protoc>
      --   Protobuf includes                 :
      --   Protobuf libraries                :
      --   ONNX_BUILD_PYTHON                 : OFF
      -- Found CUDA with FP16 support, compiling with torch.cuda.HalfTensor
      -- Adding -DNDEBUG to compile flags
      -- Checking prototype magma_get_sgeqrf_nb for MAGMA_V2
      -- Checking prototype magma_get_sgeqrf_nb for MAGMA_V2 - False
      -- MAGMA not found. Compiling without MAGMA support
      -- Could not find hardware support for NEON on this machine.
      -- No OMAP3 processor on this machine.
      -- No OMAP4 processor on this machine.
      -- No SVE processor on this machine.
      -- MKL_THREADING = OMP
      -- Checking for [mkl_intel_lp64 - mkl_gnu_thread - mkl_core - gomp - pthread - m - dl]
      --   Library mkl_intel_lp64: not found
      -- Checking for [mkl_intel_lp64 - mkl_intel_thread - mkl_core - gomp - pthread - m - dl]
      --   Library mkl_intel_lp64: not found
      -- Checking for [mkl_intel - mkl_gnu_thread - mkl_core - gomp - pthread - m - dl]
      --   Library mkl_intel: not found
      -- Checking for [mkl_intel - mkl_intel_thread - mkl_core - gomp - pthread - m - dl]
      --   Library mkl_intel: not found
      -- Checking for [mkl_gf_lp64 - mkl_gnu_thread - mkl_core - gomp - pthread - m - dl]
      --   Library mkl_gf_lp64: not found
      -- Checking for [mkl_gf_lp64 - mkl_intel_thread - mkl_core - gomp - pthread - m - dl]
      --   Library mkl_gf_lp64: not found
      -- Checking for [mkl_gf - mkl_gnu_thread - mkl_core - gomp - pthread - m - dl]
      --   Library mkl_gf: not found
      -- Checking for [mkl_gf - mkl_intel_thread - mkl_core - gomp - pthread - m - dl]
      --   Library mkl_gf: not found
      -- Checking for [mkl_intel_lp64 - mkl_gnu_thread - mkl_core - iomp5 - pthread - m - dl]
      --   Library mkl_intel_lp64: not found
      -- Checking for [mkl_intel_lp64 - mkl_intel_thread - mkl_core - iomp5 - pthread - m - dl]
      --   Library mkl_intel_lp64: not found
      -- Checking for [mkl_intel - mkl_gnu_thread - mkl_core - iomp5 - pthread - m - dl]
      --   Library mkl_intel: not found
      -- Checking for [mkl_intel - mkl_intel_thread - mkl_core - iomp5 - pthread - m - dl]
      --   Library mkl_intel: not found
      -- Checking for [mkl_gf_lp64 - mkl_gnu_thread - mkl_core - iomp5 - pthread - m - dl]
      --   Library mkl_gf_lp64: not found
      -- Checking for [mkl_gf_lp64 - mkl_intel_thread - mkl_core - iomp5 - pthread - m - dl]
      --   Library mkl_gf_lp64: not found
      -- Checking for [mkl_gf - mkl_gnu_thread - mkl_core - iomp5 - pthread - m - dl]
      --   Library mkl_gf: not found
      -- Checking for [mkl_gf - mkl_intel_thread - mkl_core - iomp5 - pthread - m - dl]
      --   Library mkl_gf: not found
      -- Checking for [mkl_intel_lp64 - mkl_gnu_thread - mkl_core - pthread - m - dl]
      --   Library mkl_intel_lp64: not found
      -- Checking for [mkl_intel_lp64 - mkl_intel_thread - mkl_core - pthread - m - dl]
      --   Library mkl_intel_lp64: not found
      -- Checking for [mkl_intel - mkl_gnu_thread - mkl_core - pthread - m - dl]
      --   Library mkl_intel: not found
      -- Checking for [mkl_intel - mkl_intel_thread - mkl_core - pthread - m - dl]
      --   Library mkl_intel: not found
      -- Checking for [mkl_gf_lp64 - mkl_gnu_thread - mkl_core - pthread - m - dl]
      --   Library mkl_gf_lp64: not found
      -- Checking for [mkl_gf_lp64 - mkl_intel_thread - mkl_core - pthread - m - dl]
      --   Library mkl_gf_lp64: not found
      -- Checking for [mkl_gf - mkl_gnu_thread - mkl_core - pthread - m - dl]
      --   Library mkl_gf: not found
      -- Checking for [mkl_gf - mkl_intel_thread - mkl_core - pthread - m - dl]
      --   Library mkl_gf: not found
      -- Checking for [mkl_intel_lp64 - mkl_sequential - mkl_core - m - dl]
      --   Library mkl_intel_lp64: not found
      -- Checking for [mkl_intel - mkl_sequential - mkl_core - m - dl]
      --   Library mkl_intel: not found
      -- Checking for [mkl_gf_lp64 - mkl_sequential - mkl_core - m - dl]
      --   Library mkl_gf_lp64: not found
      -- Checking for [mkl_gf - mkl_sequential - mkl_core - m - dl]
      --   Library mkl_gf: not found
      -- Checking for [mkl_intel_lp64 - mkl_core - gomp - pthread - m - dl]
      --   Library mkl_intel_lp64: not found
      -- Checking for [mkl_intel - mkl_core - gomp - pthread - m - dl]
      --   Library mkl_intel: not found
      -- Checking for [mkl_gf_lp64 - mkl_core - gomp - pthread - m - dl]
      --   Library mkl_gf_lp64: not found
      -- Checking for [mkl_gf - mkl_core - gomp - pthread - m - dl]
      --   Library mkl_gf: not found
      -- Checking for [mkl_intel_lp64 - mkl_core - iomp5 - pthread - m - dl]
      --   Library mkl_intel_lp64: not found
      -- Checking for [mkl_intel - mkl_core - iomp5 - pthread - m - dl]
      --   Library mkl_intel: not found
      -- Checking for [mkl_gf_lp64 - mkl_core - iomp5 - pthread - m - dl]
      --   Library mkl_gf_lp64: not found
      -- Checking for [mkl_gf - mkl_core - iomp5 - pthread - m - dl]
      --   Library mkl_gf: not found
      -- Checking for [mkl_intel_lp64 - mkl_core - pthread - m - dl]
      --   Library mkl_intel_lp64: not found
      -- Checking for [mkl_intel - mkl_core - pthread - m - dl]
      --   Library mkl_intel: not found
      -- Checking for [mkl_gf_lp64 - mkl_core - pthread - m - dl]
      --   Library mkl_gf_lp64: not found
      -- Checking for [mkl_gf - mkl_core - pthread - m - dl]
      --   Library mkl_gf: not found
      -- Checking for [mkl - guide - pthread - m]
      --   Library mkl: not found
      -- MKL library not found
      -- Checking for [blis]
      --   Library blis: BLAS_blis_LIBRARY-NOTFOUND
      -- Checking for [Accelerate]
      --   Library Accelerate: BLAS_Accelerate_LIBRARY-NOTFOUND
      -- Checking for [vecLib]
      --   Library vecLib: BLAS_vecLib_LIBRARY-NOTFOUND
      -- Checking for [flexiblas]
      --   Library flexiblas: BLAS_flexiblas_LIBRARY-NOTFOUND
      -- Checking for [openblas]
      --   Library openblas: BLAS_openblas_LIBRARY-NOTFOUND
      -- Checking for [openblas - pthread - m]
      --   Library openblas: BLAS_openblas_LIBRARY-NOTFOUND
      -- Checking for [openblas - pthread - m - gomp]
      --   Library openblas: BLAS_openblas_LIBRARY-NOTFOUND
      -- Checking for [goto2 - gfortran]
      --   Library goto2: BLAS_goto2_LIBRARY-NOTFOUND
      -- Checking for [goto2 - gfortran - pthread]
      --   Library goto2: BLAS_goto2_LIBRARY-NOTFOUND
      -- Checking for [acml - gfortran]
      --   Library acml: BLAS_acml_LIBRARY-NOTFOUND
      -- Checking for [blis]
      --   Library blis: BLAS_blis_LIBRARY-NOTFOUND
      -- Could NOT find Atlas (missing: Atlas_CBLAS_INCLUDE_DIR Atlas_CLAPACK_INCLUDE_DIR Atlas_CBLAS_LIBRARY Atlas_BLAS_LIBRARY Atlas_LAPACK_LIBRARY)
      -- Checking for [ptf77blas - atlas - gfortran]
      --   Library ptf77blas: BLAS_ptf77blas_LIBRARY-NOTFOUND
      -- Checking for []
      -- Cannot find a library with BLAS API. Not using BLAS.
      -- LAPACK requires BLAS
      -- Cannot find a library with LAPACK API. Not using LAPACK.
      disabling ROCM because NOT USE_ROCM is set
      -- MIOpen not found. Compiling without MIOpen support
      -- Will build oneDNN Graph
      -- Will build oneDNN UKERNEL
      -- MKL_THREADING = OMP
      -- Checking for [mkl_intel_lp64 - mkl_gnu_thread - mkl_core - gomp - pthread - m - dl]
      --   Library mkl_intel_lp64: not found
      -- Checking for [mkl_intel_lp64 - mkl_intel_thread - mkl_core - gomp - pthread - m - dl]
      --   Library mkl_intel_lp64: not found
      -- Checking for [mkl_intel - mkl_gnu_thread - mkl_core - gomp - pthread - m - dl]
      --   Library mkl_intel: not found
      -- Checking for [mkl_intel - mkl_intel_thread - mkl_core - gomp - pthread - m - dl]
      --   Library mkl_intel: not found
      -- Checking for [mkl_gf_lp64 - mkl_gnu_thread - mkl_core - gomp - pthread - m - dl]
      --   Library mkl_gf_lp64: not found
      -- Checking for [mkl_gf_lp64 - mkl_intel_thread - mkl_core - gomp - pthread - m - dl]
      --   Library mkl_gf_lp64: not found
      -- Checking for [mkl_gf - mkl_gnu_thread - mkl_core - gomp - pthread - m - dl]
      --   Library mkl_gf: not found
      -- Checking for [mkl_gf - mkl_intel_thread - mkl_core - gomp - pthread - m - dl]
      --   Library mkl_gf: not found
      -- Checking for [mkl_intel_lp64 - mkl_gnu_thread - mkl_core - iomp5 - pthread - m - dl]
      --   Library mkl_intel_lp64: not found
      -- Checking for [mkl_intel_lp64 - mkl_intel_thread - mkl_core - iomp5 - pthread - m - dl]
      --   Library mkl_intel_lp64: not found
      -- Checking for [mkl_intel - mkl_gnu_thread - mkl_core - iomp5 - pthread - m - dl]
      --   Library mkl_intel: not found
      -- Checking for [mkl_intel - mkl_intel_thread - mkl_core - iomp5 - pthread - m - dl]
      --   Library mkl_intel: not found
      -- Checking for [mkl_gf_lp64 - mkl_gnu_thread - mkl_core - iomp5 - pthread - m - dl]
      --   Library mkl_gf_lp64: not found
      -- Checking for [mkl_gf_lp64 - mkl_intel_thread - mkl_core - iomp5 - pthread - m - dl]
      --   Library mkl_gf_lp64: not found
      -- Checking for [mkl_gf - mkl_gnu_thread - mkl_core - iomp5 - pthread - m - dl]
      --   Library mkl_gf: not found
      -- Checking for [mkl_gf - mkl_intel_thread - mkl_core - iomp5 - pthread - m - dl]
      --   Library mkl_gf: not found
      -- Checking for [mkl_intel_lp64 - mkl_gnu_thread - mkl_core - pthread - m - dl]
      --   Library mkl_intel_lp64: not found
      -- Checking for [mkl_intel_lp64 - mkl_intel_thread - mkl_core - pthread - m - dl]
      --   Library mkl_intel_lp64: not found
      -- Checking for [mkl_intel - mkl_gnu_thread - mkl_core - pthread - m - dl]
      --   Library mkl_intel: not found
      -- Checking for [mkl_intel - mkl_intel_thread - mkl_core - pthread - m - dl]
      --   Library mkl_intel: not found
      -- Checking for [mkl_gf_lp64 - mkl_gnu_thread - mkl_core - pthread - m - dl]
      --   Library mkl_gf_lp64: not found
      -- Checking for [mkl_gf_lp64 - mkl_intel_thread - mkl_core - pthread - m - dl]
      --   Library mkl_gf_lp64: not found
      -- Checking for [mkl_gf - mkl_gnu_thread - mkl_core - pthread - m - dl]
      --   Library mkl_gf: not found
      -- Checking for [mkl_gf - mkl_intel_thread - mkl_core - pthread - m - dl]
      --   Library mkl_gf: not found
      -- Checking for [mkl_intel_lp64 - mkl_sequential - mkl_core - m - dl]
      --   Library mkl_intel_lp64: not found
      -- Checking for [mkl_intel - mkl_sequential - mkl_core - m - dl]
      --   Library mkl_intel: not found
      -- Checking for [mkl_gf_lp64 - mkl_sequential - mkl_core - m - dl]
      --   Library mkl_gf_lp64: not found
      -- Checking for [mkl_gf - mkl_sequential - mkl_core - m - dl]
      --   Library mkl_gf: not found
      -- Checking for [mkl_intel_lp64 - mkl_core - gomp - pthread - m - dl]
      --   Library mkl_intel_lp64: not found
      -- Checking for [mkl_intel - mkl_core - gomp - pthread - m - dl]
      --   Library mkl_intel: not found
      -- Checking for [mkl_gf_lp64 - mkl_core - gomp - pthread - m - dl]
      --   Library mkl_gf_lp64: not found
      -- Checking for [mkl_gf - mkl_core - gomp - pthread - m - dl]
      --   Library mkl_gf: not found
      -- Checking for [mkl_intel_lp64 - mkl_core - iomp5 - pthread - m - dl]
      --   Library mkl_intel_lp64: not found
      -- Checking for [mkl_intel - mkl_core - iomp5 - pthread - m - dl]
      --   Library mkl_intel: not found
      -- Checking for [mkl_gf_lp64 - mkl_core - iomp5 - pthread - m - dl]
      --   Library mkl_gf_lp64: not found
      -- Checking for [mkl_gf - mkl_core - iomp5 - pthread - m - dl]
      --   Library mkl_gf: not found
      -- Checking for [mkl_intel_lp64 - mkl_core - pthread - m - dl]
      --   Library mkl_intel_lp64: not found
      -- Checking for [mkl_intel - mkl_core - pthread - m - dl]
      --   Library mkl_intel: not found
      -- Checking for [mkl_gf_lp64 - mkl_core - pthread - m - dl]
      --   Library mkl_gf_lp64: not found
      -- Checking for [mkl_gf - mkl_core - pthread - m - dl]
      --   Library mkl_gf: not found
      -- Checking for [mkl - guide - pthread - m]
      --   Library mkl: not found
      -- MKL library not found
      -- Checking for [blis]
      --   Library blis: BLAS_blis_LIBRARY-NOTFOUND
      -- Checking for [Accelerate]
      --   Library Accelerate: BLAS_Accelerate_LIBRARY-NOTFOUND
      -- Checking for [vecLib]
      --   Library vecLib: BLAS_vecLib_LIBRARY-NOTFOUND
      -- Checking for [flexiblas]
      --   Library flexiblas: BLAS_flexiblas_LIBRARY-NOTFOUND
      -- Checking for [openblas]
      --   Library openblas: BLAS_openblas_LIBRARY-NOTFOUND
      -- Checking for [openblas - pthread - m]
      --   Library openblas: BLAS_openblas_LIBRARY-NOTFOUND
      -- Checking for [openblas - pthread - m - gomp]
      --   Library openblas: BLAS_openblas_LIBRARY-NOTFOUND
      -- Checking for [goto2 - gfortran]
      --   Library goto2: BLAS_goto2_LIBRARY-NOTFOUND
      -- Checking for [goto2 - gfortran - pthread]
      --   Library goto2: BLAS_goto2_LIBRARY-NOTFOUND
      -- Checking for [acml - gfortran]
      --   Library acml: BLAS_acml_LIBRARY-NOTFOUND
      -- Checking for [blis]
      --   Library blis: BLAS_blis_LIBRARY-NOTFOUND
      -- Could NOT find Atlas (missing: Atlas_CBLAS_INCLUDE_DIR Atlas_CLAPACK_INCLUDE_DIR Atlas_CBLAS_LIBRARY Atlas_BLAS_LIBRARY Atlas_LAPACK_LIBRARY)
      -- Checking for [ptf77blas - atlas - gfortran]
      --   Library ptf77blas: BLAS_ptf77blas_LIBRARY-NOTFOUND
      -- Checking for []
      -- Cannot find a library with BLAS API. Not using BLAS.
      -- MKLDNN_CPU_RUNTIME = OMP
      -- DNNL_TARGET_ARCH: X64
      -- DNNL_LIBRARY_NAME: dnnl
      CMake Warning (dev) at /config/tmp/pip-build-env-c44w5qqo/overlay/lib/python3.12/site-packages/cmake/data/share/cmake-4.1/Modules/FindPackageHandleStandardArgs.cmake:430 (message):
        The package name passed to find_package_handle_standard_args() (OpenMP_C)
        does not match the name of the calling package (OpenMP).  This can lead to
        problems in calling code that expects find_package() result variables
        (e.g., `_FOUND`) to follow a certain pattern.
      Call Stack (most recent call first):
        cmake/Modules/FindOpenMP.cmake:635 (find_package_handle_standard_args)
        third_party/ideep/mkl-dnn/cmake/OpenMP.cmake:41 (find_package)
        third_party/ideep/mkl-dnn/CMakeLists.txt:89 (include)
      This warning is for project developers.  Use -Wno-dev to suppress it.
      
      -- Found OpenMP_C: -fopenmp
      CMake Warning (dev) at /config/tmp/pip-build-env-c44w5qqo/overlay/lib/python3.12/site-packages/cmake/data/share/cmake-4.1/Modules/FindPackageHandleStandardArgs.cmake:430 (message):
        The package name passed to find_package_handle_standard_args() (OpenMP_CXX)
        does not match the name of the calling package (OpenMP).  This can lead to
        problems in calling code that expects find_package() result variables
        (e.g., `_FOUND`) to follow a certain pattern.
      Call Stack (most recent call first):
        cmake/Modules/FindOpenMP.cmake:635 (find_package_handle_standard_args)
        third_party/ideep/mkl-dnn/cmake/OpenMP.cmake:41 (find_package)
        third_party/ideep/mkl-dnn/CMakeLists.txt:89 (include)
      This warning is for project developers.  Use -Wno-dev to suppress it.
      
      -- Found OpenMP_CXX: -fopenmp
      -- Found Git: /usr/bin/git (found version "2.43.0")
      -- Enabled testing coverage: CI
      -- Enabled workload: TRAINING
      -- Enabled primitives: ALL
      -- Enabled primitive CPU ISA: ALL
      -- Enabled primitive GPU ISA: ALL
      -- Enabled GeMM kernels ISA: ALL
      -- Primitive cache is enabled
      -- Experimental functionality for ukernels is enabled
      -- Graph component is enabled
      -- Graph compiler backend is disabled.
      -- Found MKL-DNN: TRUE
      -- Looking for clock_gettime in rt
      -- Looking for clock_gettime in rt - found
      -- Looking for mmap
      -- Looking for mmap - found
      -- Looking for shm_open
      -- Looking for shm_open - found
      -- Looking for shm_unlink
      -- Looking for shm_unlink - found
      -- Looking for malloc_usable_size
      -- Looking for malloc_usable_size - found
      -- <FindZVECTOR>
      -- Performing Test COMPILE_OUT_ZVECTOR
      -- Performing Test COMPILE_OUT_ZVECTOR - Failed
      -- ZVECTOR flags were NOT set.
      -- </FindZVECTOR>
      -- {fmt} version: 11.2.0
      -- Build type: Release
      -- Using Kineto with CUPTI support
      -- Configuring Kineto dependency:
      --   KINETO_SOURCE_DIR = /config/tmp/tmp.RGAnJVxip7/pytorch/third_party/kineto/libkineto
      --   KINETO_BUILD_TESTS = OFF
      --   KINETO_LIBRARY_TYPE = static
      --   CUDA_SOURCE_DIR = /usr/local/cuda
      --   CUDA_INCLUDE_DIRS = /usr/local/cuda/include
      --   CUPTI_INCLUDE_DIR = /usr/local/cuda/include
      --   CUDA_cupti_LIBRARY = /usr/local/cuda/lib64/libcupti.so
      -- Found CUPTI
      CMake Deprecation Warning at third_party/kineto/libkineto/CMakeLists.txt:7 (cmake_minimum_required):
        Compatibility with CMake < 3.10 will be removed from a future version of
        CMake.
      
        Update the VERSION argument <min> value.  Or, use the <min>...<max> syntax
        to tell CMake that the project requires at least <min> but has been updated
        to work with policies introduced by <max> or earlier.
      
      
      CMake Warning (dev) at third_party/kineto/libkineto/CMakeLists.txt:15 (find_package):
        Policy CMP0148 is not set: The FindPythonInterp and FindPythonLibs modules
        are removed.  Run "cmake --help-policy CMP0148" for policy details.  Use
        the cmake_policy command to set the policy and suppress this warning.
      
      This warning is for project developers.  Use -Wno-dev to suppress it.
      
      --  ROCM_SOURCE_DIR =
      -- Kineto: FMT_SOURCE_DIR = /config/tmp/tmp.RGAnJVxip7/pytorch/third_party/fmt
      -- Kineto: FMT_INCLUDE_DIR = /config/tmp/tmp.RGAnJVxip7/pytorch/third_party/fmt/include
      --  CUPTI_INCLUDE_DIR = /usr/local/cuda/include
      --  ROCTRACER_INCLUDE_DIR = /include/roctracer
      --  DYNOLOG_INCLUDE_DIR = /config/tmp/tmp.RGAnJVxip7/pytorch/third_party/kineto/libkineto/third_party/dynolog/
      --  IPCFABRIC_INCLUDE_DIR = /config/tmp/tmp.RGAnJVxip7/pytorch/third_party/kineto/libkineto/third_party/dynolog//dynolog/src/ipcfabric/
      -- Configured Kineto
      -- GCC 13.3.0: Adding gcc and gcc_s libs to link line
      -- Performing Test HAS_WERROR_RETURN_TYPE
      -- Performing Test HAS_WERROR_RETURN_TYPE - Success
      -- Performing Test HAS_WERROR_NON_VIRTUAL_DTOR
      -- Performing Test HAS_WERROR_NON_VIRTUAL_DTOR - Success
      -- Performing Test HAS_WERROR_BRACED_SCALAR_INIT
      -- Performing Test HAS_WERROR_BRACED_SCALAR_INIT - Failed
      -- Performing Test HAS_WERROR_RANGE_LOOP_CONSTRUCT
      -- Performing Test HAS_WERROR_RANGE_LOOP_CONSTRUCT - Success
      -- Performing Test HAS_WERROR_BOOL_OPERATION
      -- Performing Test HAS_WERROR_BOOL_OPERATION - Success
      -- Performing Test HAS_WNARROWING
      -- Performing Test HAS_WNARROWING - Success
      -- Performing Test HAS_WNO_MISSING_FIELD_INITIALIZERS
      -- Performing Test HAS_WNO_MISSING_FIELD_INITIALIZERS - Success
      -- Performing Test HAS_WNO_UNKNOWN_PRAGMAS
      -- Performing Test HAS_WNO_UNKNOWN_PRAGMAS - Success
      -- Performing Test HAS_WNO_UNUSED_PARAMETER
      -- Performing Test HAS_WNO_UNUSED_PARAMETER - Success
      -- Performing Test HAS_WNO_STRICT_OVERFLOW
      -- Performing Test HAS_WNO_STRICT_OVERFLOW - Success
      -- Performing Test HAS_WNO_STRICT_ALIASING
      -- Performing Test HAS_WNO_STRICT_ALIASING - Success
      -- Performing Test HAS_WNO_STRINGOP_OVERFLOW
      -- Performing Test HAS_WNO_STRINGOP_OVERFLOW - Success
      -- Performing Test HAS_WVLA_EXTENSION
      -- Performing Test HAS_WVLA_EXTENSION - Failed
      -- Performing Test HAS_WSUGGEST_OVERRIDE
      -- Performing Test HAS_WSUGGEST_OVERRIDE - Success
      -- Performing Test HAS_WNEWLINE_EOF
      -- Performing Test HAS_WNEWLINE_EOF - Failed
      -- Performing Test HAS_WINCONSISTENT_MISSING_OVERRIDE
      -- Performing Test HAS_WINCONSISTENT_MISSING_OVERRIDE - Failed
      -- Performing Test HAS_WINCONSISTENT_MISSING_DESTRUCTOR_OVERRIDE
      -- Performing Test HAS_WINCONSISTENT_MISSING_DESTRUCTOR_OVERRIDE - Failed
      -- Performing Test HAS_WNO_ERROR_OLD_STYLE_CAST
      -- Performing Test HAS_WNO_ERROR_OLD_STYLE_CAST - Success
      -- Performing Test HAS_WCONSTANT_CONVERSION
      -- Performing Test HAS_WCONSTANT_CONVERSION - Failed
      -- Performing Test HAS_WNO_ALIGNED_ALLOCATION_UNAVAILABLE
      -- Performing Test HAS_WNO_ALIGNED_ALLOCATION_UNAVAILABLE - Failed
      -- Performing Test HAS_QUNUSED_ARGUMENTS
      -- Performing Test HAS_QUNUSED_ARGUMENTS - Failed
      -- Performing Test HAS_FALIGNED_NEW
      -- Performing Test HAS_FALIGNED_NEW - Success
      -- Performing Test HAS_WNO_MAYBE_UNINITIALIZED
      -- Performing Test HAS_WNO_MAYBE_UNINITIALIZED - Success
      -- Performing Test HAS_FSTANDALONE_DEBUG
      -- Performing Test HAS_FSTANDALONE_DEBUG - Failed
      -- Performing Test HAS_FNO_MATH_ERRNO
      -- Performing Test HAS_FNO_MATH_ERRNO - Success
      -- Performing Test HAS_FNO_TRAPPING_MATH
      -- Performing Test HAS_FNO_TRAPPING_MATH - Success
      -- Performing Test HAS_WERROR_FORMAT
      -- Performing Test HAS_WERROR_FORMAT - Success
      -- Performing Test HAS_WNO_DANGLING_REFERENCE
      -- Performing Test HAS_WNO_DANGLING_REFERENCE - Success
      -- Performing Test HAS_WNO_ERROR_DANGLING_REFERENCE
      -- Performing Test HAS_WNO_ERROR_DANGLING_REFERENCE - Success
      -- don't use NUMA
      -- Looking for backtrace
      -- Looking for backtrace - found
      -- backtrace facility detected in default set of libraries
      -- Found Backtrace: /usr/include
      -- headers outputs:
      -- sources outputs:
      -- declarations_yaml outputs:
      -- Performing Test COMPILER_SUPPORTS_NO_AVX256_SPLIT
      -- Performing Test COMPILER_SUPPORTS_NO_AVX256_SPLIT - Success
      -- Using ATen parallel backend: OMP
      -- Could NOT find OpenSSL, try to set the path to OpenSSL root folder in the system variable OPENSSL_ROOT_DIR (missing: OPENSSL_CRYPTO_LIBRARY OPENSSL_INCLUDE_DIR)
      -- Check size of long double
      -- Check size of long double - done
      -- Performing Test COMPILER_SUPPORTS_LONG_DOUBLE
      -- Performing Test COMPILER_SUPPORTS_LONG_DOUBLE - Success
      -- Performing Test COMPILER_SUPPORTS_FLOAT128
      -- Performing Test COMPILER_SUPPORTS_FLOAT128 - Success
      -- Performing Test COMPILER_SUPPORTS_QUADMATH
      -- Performing Test COMPILER_SUPPORTS_QUADMATH - Success
      -- Performing Test COMPILER_SUPPORTS_SSE2
      -- Performing Test COMPILER_SUPPORTS_SSE2 - Success
      -- Performing Test COMPILER_SUPPORTS_SSE4
      -- Performing Test COMPILER_SUPPORTS_SSE4 - Success
      -- Performing Test COMPILER_SUPPORTS_AVX
      -- Performing Test COMPILER_SUPPORTS_AVX - Success
      -- Performing Test COMPILER_SUPPORTS_FMA4
      -- Performing Test COMPILER_SUPPORTS_FMA4 - Success
      -- Performing Test COMPILER_SUPPORTS_AVX2
      -- Performing Test COMPILER_SUPPORTS_AVX2 - Success
      -- Performing Test COMPILER_SUPPORTS_AVX512F
      -- Performing Test COMPILER_SUPPORTS_AVX512F - Success
      -- Found OpenMP_C: -fopenmp (found version "4.5")
      -- Found OpenMP_CXX: -fopenmp (found version "4.5")
      -- Found OpenMP_CUDA: -fopenmp (found version "4.5")
      -- Found OpenMP: TRUE (found version "4.5")
      -- Performing Test COMPILER_SUPPORTS_OPENMP
      -- Performing Test COMPILER_SUPPORTS_OPENMP - Success
      -- Performing Test COMPILER_SUPPORTS_OMP_SIMD
      -- Performing Test COMPILER_SUPPORTS_OMP_SIMD - Success
      -- Performing Test COMPILER_SUPPORTS_WEAK_ALIASES
      -- Performing Test COMPILER_SUPPORTS_WEAK_ALIASES - Success
      -- Performing Test COMPILER_SUPPORTS_BUILTIN_MATH
      -- Performing Test COMPILER_SUPPORTS_BUILTIN_MATH - Success
      -- Performing Test COMPILER_SUPPORTS_SYS_GETRANDOM
      -- Performing Test COMPILER_SUPPORTS_SYS_GETRANDOM - Success
      -- Configuring build for SLEEF-v3.8.0
         Target system: Linux-6.14.11-4-pve
         Target processor: x86_64
         Host system: Linux-6.14.11-4-pve
         Host processor: x86_64
         Detected C compiler: GNU @ /usr/bin/gcc-13
         CMake: 4.1.2
         Make program: /config/tmp/pip-build-env-c44w5qqo/overlay/bin/ninja
      -- Using option `-Wall -Wno-unused-function -Wno-attributes -Wno-unused-result -Wno-psabi -ffp-contract=off -fno-math-errno -fno-trapping-math` to compile libsleef
      -- Building shared libs : OFF
      -- Building static test bins: OFF
      -- MPFR : LIB_MPFR-NOTFOUND
      -- GMP : LIBGMP-NOTFOUND
      -- RT : /usr/lib/x86_64-linux-gnu/librt.a
      -- FFTW3 : LIBFFTW3-NOTFOUND
      -- OPENSSL :
      -- SDE : SDE_COMMAND-NOTFOUND
      -- COMPILER_SUPPORTS_OPENMP : 1
      AT_INSTALL_INCLUDE_DIR include/ATen/core
      core header install: /config/tmp/tmp.RGAnJVxip7/pytorch/build/aten/src/ATen/core/TensorBody.h
      core header install: /config/tmp/tmp.RGAnJVxip7/pytorch/build/aten/src/ATen/core/aten_interned_strings.h
      core header install: /config/tmp/tmp.RGAnJVxip7/pytorch/build/aten/src/ATen/core/enum_tag.h
      -- NVSHMEM_HOME set to:  ''
      -- NVSHMEM wheel installed at:  '/home/abc/miniconda3/lib/python3.12/site-packages/nvidia/nvshmem'
      -- NVSHMEM_HOST_LIB:  '/home/abc/miniconda3/lib/python3.12/site-packages/nvidia/nvshmem/lib/libnvshmem_host.so.3'
      -- NVSHMEM_DEVICE_LIB:  '/home/abc/miniconda3/lib/python3.12/site-packages/nvidia/nvshmem/lib/libnvshmem_device.a'
      -- NVSHMEM_INCLUDE_DIR:  '/home/abc/miniconda3/lib/python3.12/site-packages/nvidia/nvshmem/include'
      -- NVSHMEM found, building with NVSHMEM support
      CMake Warning at CMakeLists.txt:1292 (message):
        Generated cmake files are only fully tested if one builds with system glog,
        gflags, and protobuf.  Other settings may generate files that are not well
        tested.
      
      
      --
      -- ******** Summary ********
      -- General:
      --   CMake version         : 4.1.2
      --   CMake command         : /config/tmp/pip-build-env-c44w5qqo/overlay/lib/python3.12/site-packages/cmake/data/bin/cmake
      --   System                : Linux
      --   C++ compiler          : /usr/bin/g++-13
      --   C++ compiler id       : GNU
      --   C++ compiler version  : 13.3.0
      --   Using ccache if found : ON
      --   Found ccache          : CCACHE_PROGRAM-NOTFOUND
      --   CXX flags             :  -fvisibility-inlines-hidden -DUSE_PTHREADPOOL -DNDEBUG -DUSE_KINETO -DLIBKINETO_NOROCTRACER -DLIBKINETO_NOXPUPTI=ON -DUSE_FBGEMM -DUSE_PYTORCH_QNNPACK -DUSE_XNNPACK -DSYMBOLICATE_MOBILE_DEBUG_HANDLE -O2 -fPIC -DC10_NODEPRECATED -Wall -Wextra -Werror=return-type -Werror=non-virtual-dtor -Werror=range-loop-construct -Werror=bool-operation -Wnarrowing -Wno-missing-field-initializers -Wno-unknown-pragmas -Wno-unused-parameter -Wno-strict-overflow -Wno-strict-aliasing -Wno-stringop-overflow -Wsuggest-override -Wno-psabi -Wno-error=old-style-cast -faligned-new -Wno-maybe-uninitialized -fno-math-errno -fno-trapping-math -Werror=format -Wno-dangling-reference -Wno-error=dangling-reference -Wno-stringop-overflow
      --   Shared LD flags       :  -Wl,--no-as-needed -rdynamic
      --   Static LD flags       :
      --   Module LD flags       :
      --   Build type            : Release
      --   Compile definitions   : ONNX_ML=1;ONNXIFI_ENABLE_EXT=1;ONNX_NAMESPACE=onnx_torch;HAVE_MMAP=1;_FILE_OFFSET_BITS=64;HAVE_SHM_OPEN=1;HAVE_SHM_UNLINK=1;HAVE_MALLOC_USABLE_SIZE=1;USE_EXTERNAL_MZCRC;MINIZ_DISABLE_ZIP_READER_CRC32_CHECKS
      --   CMAKE_PREFIX_PATH     : /home/abc/miniconda3/lib/python3.12/site-packages;/usr/local/cuda;/usr/local/cuda;/usr/local/cuda
      --   CMAKE_INSTALL_PREFIX  : /config/tmp/tmp.RGAnJVxip7/pytorch/torch
      --   USE_GOLD_LINKER       : OFF
      --
      --   TORCH_VERSION         : 2.9.0
      --   BUILD_STATIC_RUNTIME_BENCHMARK: OFF
      --   BUILD_BINARY          : OFF
      --   BUILD_CUSTOM_PROTOBUF : ON
      --     Link local protobuf : ON
      --   BUILD_PYTHON          : True
      --     Python version      : 3.12.12
      --     Python executable   : /home/abc/miniconda3/bin/python3
      --     Python library      :
      --     Python includes     : /home/abc/miniconda3/include/python3.12
      --     Python site-package : /home/abc/miniconda3/lib/python3.12/site-packages
      --   BUILD_SHARED_LIBS     : ON
      --   CAFFE2_USE_MSVC_STATIC_RUNTIME     : OFF
      --   BUILD_TEST            : False
      --   BUILD_JNI             : OFF
      --   BUILD_MOBILE_AUTOGRAD : OFF
      --   BUILD_LITE_INTERPRETER: OFF
      --   INTERN_BUILD_MOBILE   :
      --   TRACING_BASED         : OFF
      --   USE_BLAS              : 0
      --   USE_LAPACK            : 0
      --   USE_ASAN              : OFF
      --   USE_TSAN              : OFF
      --   USE_CPP_CODE_COVERAGE : OFF
      --   USE_CUDA              : 1
      --     CUDA static link    : OFF
      --     USE_CUDNN           : OFF
      --     USE_CUSPARSELT      : OFF
      --     USE_CUDSS           : OFF
      --     USE_CUFILE          : ON
      --     CUDA version        : 13.0
      --     USE_FLASH_ATTENTION : ON
      --     USE_MEM_EFF_ATTENTION : ON
      --     cufile library    : /usr/local/cuda/lib64/libcufile.so
      --     CUDA root directory : /usr/local/cuda
      --     CUDA library        : /usr/lib/x86_64-linux-gnu/libcuda.so
      --     cudart library      : /usr/local/cuda/lib64/libcudart.so
      --     cublas library      : /usr/local/cuda/lib64/libcublas.so
      --     cufft library       : /usr/local/cuda/lib64/libcufft.so
      --     curand library      : /usr/local/cuda/lib64/libcurand.so
      --     cusparse library    : /usr/local/cuda/lib64/libcusparse.so
      --     nvrtc               : /usr/local/cuda/lib64/libnvrtc.so
      --     CUDA include path   : /usr/local/cuda/include
      --     NVCC executable     : /usr/local/cuda/bin/nvcc
      --     CUDA compiler       : /usr/local/cuda/bin/nvcc
      --     CUDA flags          :  -DLIBCUDACXX_ENABLE_SIMPLIFIED_COMPLEX_OPERATIONS -Xfatbin -compress-all -DONNX_NAMESPACE=onnx_torch -gencode arch=compute_89,code=sm_89 -Xcudafe --diag_suppress=cc_clobber_ignored,--diag_suppress=field_without_dll_interface,--diag_suppress=base_class_has_different_dll_interface,--diag_suppress=dll_interface_conflict_none_assumed,--diag_suppress=dll_interface_conflict_dllexport_assumed,--diag_suppress=bad_friend_decl --expt-relaxed-constexpr --expt-extended-lambda  -Wno-deprecated-gpu-targets --expt-extended-lambda -DCUB_WRAPPED_NAMESPACE=at_cuda_detail -DCUDA_HAS_FP16=1 -D__CUDA_NO_HALF_OPERATORS__ -D__CUDA_NO_HALF_CONVERSIONS__ -D__CUDA_NO_HALF2_OPERATORS__ -D__CUDA_NO_BFLOAT16_CONVERSIONS__ -DC10_NODEPRECATED
      --     CUDA host compiler  :
      --     CUDA --device-c     : OFF
      --     USE_TENSORRT        :
      --   USE_XPU               : OFF
      --   USE_ROCM              : OFF
      --   BUILD_NVFUSER         :
      --   USE_EIGEN_FOR_BLAS    : ON
      --   USE_EIGEN_FOR_SPARSE  : OFF
      --   USE_FBGEMM            : ON
      --   USE_KINETO            : ON
      --   USE_GFLAGS            : OFF
      --   USE_GLOG              : OFF
      --   USE_LITE_PROTO        : OFF
      --   USE_PYTORCH_METAL     : OFF
      --   USE_PYTORCH_METAL_EXPORT     : OFF
      --   USE_MPS               : OFF
      --   CAN_COMPILE_METAL     :
      --   USE_MKL               : OFF
      --   USE_MKLDNN            : ON
      --   USE_MKLDNN_ACL        : OFF
      --   USE_MKLDNN_CBLAS      : OFF
      --   USE_UCC               : OFF
      --   USE_ITT               : ON
      --   USE_XCCL              : OFF
      --   USE_NCCL              : ON
      --     USE_SYSTEM_NCCL     : OFF
      --   Found NVSHMEM         : /home/abc/miniconda3/lib/python3.12/site-packages/nvidia/nvshmem/include
      --   USE_NNPACK            : ON
      --   USE_NUMPY             : ON
      --   USE_OBSERVERS         : ON
      --   USE_OPENCL            : OFF
      --   USE_OPENMP            : ON
      --   USE_MIMALLOC          : OFF
      --   USE_VULKAN            : OFF
      --   USE_PROF              : OFF
      --   USE_PYTORCH_QNNPACK   : ON
      --   USE_XNNPACK           : ON
      --   USE_DISTRIBUTED       : ON
      --     USE_MPI               : OFF
      --     USE_GLOO              : ON
      --     USE_GLOO_WITH_OPENSSL : OFF
      --     USE_GLOO_IBVERBS      : OFF
      --     USE_TENSORPIPE        : ON
      --   Public Dependencies  :
      --   Private Dependencies : Threads::Threads;pthreadpool;cpuinfo;pytorch_qnnpack;nnpack;XNNPACK;microkernels-prod;fbgemm;ittnotify;fp16;caffe2::openmp;tensorpipe;nlohmann;moodycamel;gloo;rt;fmt::fmt-header-only;kineto;gcc_s;gcc;dl
      --   Public CUDA Deps.    :
      --   Private CUDA Deps.   : caffe2::curand;caffe2::cufft;caffe2::cublas;torch::cufile;__caffe2_nccl;tensorpipe_cuda;gloo_cuda;fmt::fmt-header-only;/usr/local/cuda/lib64/libcudart.so;CUDA::cusparse;CUDA::cufft;ATEN_CUDA_FILES_GEN_LIB
      --   USE_COREML_DELEGATE     : OFF
      --   BUILD_LAZY_TS_BACKEND   : ON
      --   USE_ROCM_KERNEL_ASSERT : OFF
      -- Performing Test HAS_WMISSING_PROTOTYPES
      -- Performing Test HAS_WMISSING_PROTOTYPES - Failed
      -- Performing Test HAS_WERROR_MISSING_PROTOTYPES
      -- Performing Test HAS_WERROR_MISSING_PROTOTYPES - Failed
      -- Configuring done (20.8s)
      -- Generating done (1.4s)
      -- Build files have been written to: /config/tmp/tmp.RGAnJVxip7/pytorch/build
      cmake --build . --target install --config Release -j 2
      [1/4] Generating ATen headers
      [2/4] Generating ATen sources
      [3/4] Generating ATen declarations_yaml
      [1/7717] Building C object confu-deps/pthreadpool/CMakeFiles/pthreadpool.dir/src/legacy-api.c.o
      [2/7717] Building C object confu-deps/pthreadpool/CMakeFiles/pthreadpool.dir/src/memory.c.o
      [3/7717] Building C object confu-deps/pthreadpool/CMakeFiles/pthreadpool.dir/src/pthreads.c.o
      [4/7717] Building C object confu-deps/pthreadpool/CMakeFiles/pthreadpool.dir/src/fastpath.c.o
      [5/7717] Building C object confu-deps/cpuinfo/CMakeFiles/cpuinfo.dir/src/api.c.o
      [6/7717] Building C object confu-deps/cpuinfo/CMakeFiles/cpuinfo.dir/src/cache.c.o
      [7/7717] Building C object confu-deps/cpuinfo/CMakeFiles/cpuinfo.dir/src/init.c.o
      [8/7717] Building C object confu-deps/cpuinfo/CMakeFiles/cpuinfo.dir/src/log.c.o
      [9/7717] Building C object confu-deps/cpuinfo/CMakeFiles/cpuinfo.dir/src/x86/init.c.o
      [10/7717] Building C object confu-deps/cpuinfo/CMakeFiles/cpuinfo.dir/src/x86/info.c.o
      [11/7717] Building C object confu-deps/cpuinfo/CMakeFiles/cpuinfo.dir/src/x86/vendor.c.o
      [12/7717] Building C object confu-deps/cpuinfo/CMakeFiles/cpuinfo.dir/src/x86/uarch.c.o
      [13/7717] Building C object confu-deps/cpuinfo/CMakeFiles/cpuinfo.dir/src/x86/name.c.o
      [14/7717] Building C object confu-deps/cpuinfo/CMakeFiles/cpuinfo.dir/src/x86/topology.c.o
      [15/7717] Building C object confu-deps/cpuinfo/CMakeFiles/cpuinfo.dir/src/x86/isa.c.o
      [16/7717] Building C object confu-deps/cpuinfo/CMakeFiles/cpuinfo.dir/src/x86/cache/init.c.o
      [17/7717] Building C object confu-deps/cpuinfo/CMakeFiles/cpuinfo.dir/src/x86/cache/descriptor.c.o
      [18/7717] Building C object confu-deps/pthreadpool/CMakeFiles/pthreadpool.dir/src/portable-api.c.o
      [19/7717] Building C object confu-deps/cpuinfo/CMakeFiles/cpuinfo.dir/src/x86/cache/deterministic.c.o
      [20/7717] Building C object confu-deps/cpuinfo/CMakeFiles/cpuinfo.dir/src/x86/linux/cpuinfo.c.o
      [21/7717] Building C object confu-deps/cpuinfo/CMakeFiles/cpuinfo.dir/src/linux/smallfile.c.o
      [22/7717] Building C object confu-deps/cpuinfo/CMakeFiles/cpuinfo.dir/src/x86/linux/init.c.o
      [23/7717] Building C object confu-deps/cpuinfo/CMakeFiles/cpuinfo.dir/src/linux/multiline.c.o
      [24/7717] Building C object confu-deps/cpuinfo/CMakeFiles/cpuinfo.dir/src/linux/cpulist.c.o
      [25/7717] Linking C static library lib/libpthreadpool.a
      [26/7717] Building C object confu-deps/cpuinfo/CMakeFiles/cpuinfo.dir/src/linux/processors.c.o
      [27/7717] Linking C static library lib/libcpuinfo.a
      [28/7717] Generating src/x86_64-fma/2d-fourier-8x8.py.o
      FAILED: [code=1] confu-deps/NNPACK/src/x86_64-fma/2d-fourier-8x8.py.o /config/tmp/tmp.RGAnJVxip7/pytorch/build/confu-deps/NNPACK/src/x86_64-fma/2d-fourier-8x8.py.o
      cd /config/tmp/tmp.RGAnJVxip7/pytorch/build/confu-deps/NNPACK && PYTHONPATH=/config/tmp/tmp.RGAnJVxip7/pytorch/build/confu-srcs/six:/config/tmp/tmp.RGAnJVxip7/pytorch/third_party/python-peachpy /home/abc/miniconda3/bin/python -m peachpy.x86_64 -mabi=sysv -g4 -mimage-format=elf -I/config/tmp/tmp.RGAnJVxip7/pytorch/third_party/NNPACK/src -I/config/tmp/tmp.RGAnJVxip7/pytorch/third_party/NNPACK/src/x86_64-fma -I/config/tmp/tmp.RGAnJVxip7/pytorch/third_party/FP16/include -o /config/tmp/tmp.RGAnJVxip7/pytorch/build/confu-deps/NNPACK/src/x86_64-fma/2d-fourier-8x8.py.o /config/tmp/tmp.RGAnJVxip7/pytorch/third_party/NNPACK/src/x86_64-fma/2d-fourier-8x8.py
      Traceback (most recent call last):
        File "<frozen runpy>", line 189, in _run_module_as_main
        File "<frozen runpy>", line 112, in _get_module_details
        File "/config/tmp/tmp.RGAnJVxip7/pytorch/third_party/python-peachpy/peachpy/__init__.py", line 39, in <module>
          from peachpy.literal import Constant
        File "/config/tmp/tmp.RGAnJVxip7/pytorch/third_party/python-peachpy/peachpy/literal.py", line 1, in <module>
          import six
      ModuleNotFoundError: No module named 'six'
      [29/7717] Building CXX object third_party/protobuf/cmake/CMakeFiles/libprotobuf.dir/__/src/google/protobuf/any_lite.cc.o
      ninja: build stopped: subcommand failed.
      -- Checkout nccl release tag: v2.27.5-1
      [end of output]
  
  note: This error originates from a subprocess, and is likely not a problem with pip.
  ERROR: Failed building wheel for torch
Failed to build torch
ERROR: Failed to build one or more wheels
--- Cleaning up temporary build directory ---
